Log file open, 11/11/20 20:12:12
LogInit: Display: Running engine for game: Hell_Of_A_Game
LogPlatformFile: Not using cached read wrapper
LogTaskGraph: Started task graph with 5 named threads and 23 total threads with 3 sets of task threads.
LogStats: Stats thread started at 0.440692
LogD3D11RHI: Loaded GFSDK_Aftermath_Lib.x64.dll
LogICUInternationalization: ICU TimeZone Detection - Raw Offset: +10:00, Platform Override: ''
LogPluginManager: Mounting plugin Paper2D
LogPluginManager: Mounting plugin AISupport
LogPluginManager: Mounting plugin LightPropagationVolume
LogPluginManager: Mounting plugin CameraShakePreviewer
LogPluginManager: Mounting plugin ActorLayerUtilities
LogPluginManager: Mounting plugin AnimationSharing
LogPluginManager: Mounting plugin CLionSourceCodeAccess
LogPluginManager: Mounting plugin CodeLiteSourceCodeAccess
LogPluginManager: Mounting plugin GitSourceControl
LogPluginManager: Mounting plugin KDevelopSourceCodeAccess
LogPluginManager: Mounting plugin NullSourceCodeAccess
LogPluginManager: Mounting plugin PerforceSourceControl
LogPluginManager: Mounting plugin PlasticSourceControl
LogPluginManager: Mounting plugin RiderSourceCodeAccess
LogPluginManager: Mounting plugin SubversionSourceControl
LogPluginManager: Mounting plugin UObjectPlugin
LogPluginManager: Mounting plugin VisualStudioCodeSourceCodeAccess
LogPluginManager: Mounting plugin VisualStudioSourceCodeAccess
LogPluginManager: Mounting plugin XCodeSourceCodeAccess
LogPluginManager: Mounting plugin AssetManagerEditor
LogPluginManager: Mounting plugin CryptoKeys
LogPluginManager: Mounting plugin CurveEditorTools
LogPluginManager: Mounting plugin DataValidation
LogPluginManager: Mounting plugin EditorScriptingUtilities
LogPluginManager: Mounting plugin FacialAnimation
LogPluginManager: Mounting plugin GameplayTagsEditor
LogPluginManager: Mounting plugin GeometryMode
LogPluginManager: Mounting plugin MacGraphicsSwitching
LogPluginManager: Mounting plugin MaterialAnalyzer
LogPluginManager: Mounting plugin MobileLauncherProfileWizard
LogPluginManager: Mounting plugin PluginBrowser
LogPluginManager: Mounting plugin SpeedTreeImporter
LogPluginManager: Mounting plugin DatasmithContent
LogPluginManager: Mounting plugin VariantManagerContent
LogPluginManager: Mounting plugin AlembicImporter
LogPluginManager: Mounting plugin AutomationUtils
LogPluginManager: Mounting plugin BackChannel
LogPluginManager: Mounting plugin ChaosCloth
LogPluginManager: Mounting plugin ChaosClothEditor
LogPluginManager: Mounting plugin ChaosEditor
LogPluginManager: Mounting plugin ChaosNiagara
LogPluginManager: Mounting plugin ChaosSolverPlugin
LogPluginManager: Mounting plugin CharacterAI
LogPluginManager: Mounting plugin GeometryCache
LogPluginManager: Mounting plugin GeometryCollectionPlugin
LogPluginManager: Mounting plugin GeometryProcessing
LogPluginManager: Mounting plugin PlanarCut
LogPluginManager: Mounting plugin PlatformCrypto
LogPluginManager: Mounting plugin ProxyLODPlugin
LogPluginManager: Mounting plugin SkeletalReduction
LogPluginManager: Mounting plugin FMODStudio
LogPluginManager: Mounting plugin HoudiniNiagara
LogPluginManager: Mounting plugin Niagara
LogPluginManager: Mounting plugin NiagaraExtras
LogPluginManager: Mounting plugin MagicLeap
LogPluginManager: Mounting plugin MagicLeapLightEstimation
LogPluginManager: Mounting plugin MagicLeapMedia
LogPluginManager: Mounting plugin MagicLeapPassableWorld
LogPluginManager: Mounting plugin MLSDK
LogPluginManager: Mounting plugin AndroidMedia
LogPluginManager: Mounting plugin AvfMedia
LogPluginManager: Mounting plugin ImgMedia
LogPluginManager: Mounting plugin MediaCompositing
LogPluginManager: Mounting plugin MediaPlayerEditor
LogPluginManager: Mounting plugin WebMMedia
LogPluginManager: Mounting plugin WmfMedia
LogPluginManager: Mounting plugin MeshPainting
LogPluginManager: Mounting plugin TcpMessaging
LogPluginManager: Mounting plugin UdpMessaging
LogPluginManager: Mounting plugin ActorSequence
LogPluginManager: Mounting plugin LevelSequenceEditor
LogPluginManager: Mounting plugin MatineeToLevelSequence
LogPluginManager: Mounting plugin MovieRenderPipeline
LogPluginManager: Mounting plugin TemplateSequence
LogPluginManager: Mounting plugin NetcodeUnitTest
LogPluginManager: Mounting plugin NUTUnrealEngine4
LogPluginManager: Mounting plugin OnlineSubsystemGooglePlay
LogPluginManager: Mounting plugin OnlineSubsystemIOS
LogPluginManager: Mounting plugin OnlineSubsystem
LogPluginManager: Mounting plugin OnlineSubsystemNull
LogPluginManager: Mounting plugin OnlineSubsystemUtils
LogPluginManager: Mounting plugin LauncherChunkInstaller
LogPluginManager: Mounting plugin AndroidDeviceProfileSelector
LogPluginManager: Mounting plugin AndroidMoviePlayer
LogPluginManager: Mounting plugin AndroidPermission
LogPluginManager: Mounting plugin AppleImageUtils
LogPluginManager: Mounting plugin AppleMoviePlayer
LogPluginManager: Mounting plugin ArchVisCharacter
LogPluginManager: Mounting plugin AssetTags
LogPluginManager: Mounting plugin AudioCapture
LogPluginManager: Mounting plugin CableComponent
LogPluginManager: Mounting plugin CustomMeshComponent
LogPluginManager: Mounting plugin EditableMesh
LogPluginManager: Mounting plugin ExampleDeviceProfileSelector
LogPluginManager: Mounting plugin GoogleCloudMessaging
LogPluginManager: Mounting plugin GooglePAD
LogPluginManager: Mounting plugin IOSDeviceProfileSelector
LogPluginManager: Mounting plugin LinuxDeviceProfileSelector
LogPluginManager: Mounting plugin LocationServicesBPLibrary
LogPluginManager: Mounting plugin MobilePatchingUtils
LogPluginManager: Mounting plugin PhysXVehicles
LogPluginManager: Mounting plugin PostSplashScreen
LogPluginManager: Mounting plugin ProceduralMeshComponent
LogPluginManager: Mounting plugin RuntimePhysXCooking
LogPluginManager: Mounting plugin SignificanceManager
LogPluginManager: Mounting plugin SoundFields
LogPluginManager: Mounting plugin Synthesis
LogPluginManager: Mounting plugin WebMMoviePlayer
LogPluginManager: Mounting plugin WindowsMoviePlayer
LogPluginManager: Mounting plugin ScreenshotTools
LogInit: Using libcurl 7.55.1-DEV
LogInit:  - built for x86_64-pc-win32
LogInit:  - supports SSL with OpenSSL/1.1.1
LogInit:  - supports HTTP deflate (compression) using libz 1.2.8
LogInit:  - other features:
LogInit:      CURL_VERSION_SSL
LogInit:      CURL_VERSION_LIBZ
LogInit:      CURL_VERSION_IPV6
LogInit:      CURL_VERSION_ASYNCHDNS
LogInit:      CURL_VERSION_LARGEFILE
LogInit:      CURL_VERSION_IDN
LogInit:  CurlRequestOptions (configurable via config and command line):
LogInit:  - bVerifyPeer = true  - Libcurl will verify peer certificate
LogInit:  - bUseHttpProxy = false  - Libcurl will NOT use HTTP proxy
LogInit:  - bDontReuseConnections = false  - Libcurl will reuse connections
LogInit:  - MaxHostConnections = 16  - Libcurl will limit the number of connections to a host
LogInit:  - LocalHostAddr = Default
LogInit:  - BufferSize = 65536
LogOnline: OSS: Creating online subsystem instance for: NULL
LogInit: WinSock: version 1.1 (2.2), MaxSocks=32767, MaxUdp=65467
LogOnline: OSS: TryLoadSubsystemAndSetDefault: Loaded subsystem for module [NULL]
LogInit: Build: ++UE4+Release-4.25-CL-14469661
LogInit: Engine Version: 4.25.4-14469661+++UE4+Release-4.25
LogInit: Compatible Engine Version: 4.25.0-13144385+++UE4+Release-4.25
LogInit: Net CL: 13144385
LogInit: OS: Windows 10 (Release 1909) (), CPU: Intel(R) Core(TM) i5-9300H CPU @ 2.40GHz, GPU: Intel(R) UHD Graphics 630
LogInit: Compiled (64-bit): Oct 11 2020 08:10:49
LogInit: Compiled with Visual C++: 19.24.28315.00
LogInit: Build Configuration: Development
LogInit: Branch Name: ++UE4+Release-4.25
LogInit: Command Line: 
LogInit: Base Directory: C:/Program Files/Epic Games/UE_4.25/Engine/Binaries/Win64/
LogInit: Allocator: TBB
LogInit: Installed Engine Build: 1
LogDevObjectVersion: Number of dev versions registered: 26
LogDevObjectVersion:   Dev-Blueprints (B0D832E4-1F89-4F0D-ACCF-7EB736FD4AA2): 10
LogDevObjectVersion:   Dev-Build (E1C64328-A22C-4D53-A36C-8E866417BD8C): 0
LogDevObjectVersion:   Dev-Core (375EC13C-06E4-48FB-B500-84F0262A717E): 4
LogDevObjectVersion:   Dev-Editor (E4B068ED-F494-42E9-A231-DA0B2E46BB41): 38
LogDevObjectVersion:   Dev-Framework (CFFC743F-43B0-4480-9391-14DF171D2073): 37
LogDevObjectVersion:   Dev-Mobile (B02B49B5-BB20-44E9-A304-32B752E40360): 2
LogDevObjectVersion:   Dev-Networking (A4E4105C-59A1-49B5-A7C5-40C4547EDFEE): 0
LogDevObjectVersion:   Dev-Online (39C831C9-5AE6-47DC-9A44-9C173E1C8E7C): 0
LogDevObjectVersion:   Dev-Physics (78F01B33-EBEA-4F98-B9B4-84EACCB95AA2): 4
LogDevObjectVersion:   Dev-Platform (6631380F-2D4D-43E0-8009-CF276956A95A): 0
LogDevObjectVersion:   Dev-Rendering (12F88B9F-8875-4AFC-A67C-D90C383ABD29): 43
LogDevObjectVersion:   Dev-Sequencer (7B5AE74C-D270-4C10-A958-57980B212A5A): 12
LogDevObjectVersion:   Dev-VR (D7296918-1DD6-4BDD-9DE2-64A83CC13884): 3
LogDevObjectVersion:   Dev-LoadTimes (C2A15278-BFE7-4AFE-6C17-90FF531DF755): 1
LogDevObjectVersion:   Private-Geometry (6EACA3D4-40EC-4CC1-B786-8BED09428FC5): 3
LogDevObjectVersion:   Dev-AnimPhys (29E575DD-E0A3-4627-9D10-D276232CDCEA): 17
LogDevObjectVersion:   Dev-Anim (AF43A65D-7FD3-4947-9873-3E8ED9C1BB05): 7
LogDevObjectVersion:   Dev-ReflectionCapture (6B266CEC-1EC7-4B8F-A30B-E4D90942FC07): 1
LogDevObjectVersion:   Dev-Automation (0DF73D61-A23F-47EA-B727-89E90C41499A): 1
LogDevObjectVersion:   FortniteMain (601D1886-AC64-4F84-AA16-D3DE0DEAC7D6): 31
LogDevObjectVersion:   Dev-Enterprise (9DFFBCD6-494F-0158-E221-12823C92A888): 10
LogDevObjectVersion:   Dev-Niagara (F2AED0AC-9AFE-416F-8664-AA7FFA26D6FC): 1
LogDevObjectVersion:   Dev-Destruction (174F1F0B-B4C6-45A5-B13F-2EE8D0FB917D): 10
LogDevObjectVersion:   Dev-Physics-Ext (35F94A83-E258-406C-A318-09F59610247C): 37
LogDevObjectVersion:   Dev-PhysicsMaterial-Chaos (B68FC16E-8B1B-42E2-B453-215C058844FE): 1
LogDevObjectVersion:   Dev-CineCamera (B2E18506-4273-CFC2-A54E-F4BB758BBA07): 1
LogInit: Presizing for max 25165824 objects, including 0 objects not considered by GC, pre-allocating 0 bytes for permanent pool.
LogConfig: Applying CVar settings from Section [/Script/Engine.StreamingSettings] File [C:/Users/arjun/Desktop/Studio3_Team1/Hell_Of_A_Game/Saved/Config/Windows/Engine.ini]
LogConfig: Setting CVar [[s.MinBulkDataSizeForAsyncLoading:131072]]
LogConfig: Setting CVar [[s.AsyncLoadingThreadEnabled:0]]
LogConfig: Setting CVar [[s.EventDrivenLoaderEnabled:1]]
LogConfig: Setting CVar [[s.WarnIfTimeLimitExceeded:0]]
LogConfig: Setting CVar [[s.TimeLimitExceededMultiplier:1.5]]
LogConfig: Setting CVar [[s.TimeLimitExceededMinTime:0.005]]
LogConfig: Setting CVar [[s.UseBackgroundLevelStreaming:1]]
LogConfig: Setting CVar [[s.PriorityAsyncLoadingExtraTime:15.0]]
LogConfig: Setting CVar [[s.LevelStreamingActorsUpdateTimeLimit:5.0]]
LogConfig: Setting CVar [[s.PriorityLevelStreamingActorsUpdateExtraTime:5.0]]
LogConfig: Setting CVar [[s.LevelStreamingComponentsRegistrationGranularity:10]]
LogConfig: Setting CVar [[s.UnregisterComponentsTimeLimit:1.0]]
LogConfig: Setting CVar [[s.LevelStreamingComponentsUnregistrationGranularity:5]]
LogConfig: Setting CVar [[s.FlushStreamingOnExit:1]]
LogInit: Object subsystem initialized
LogConfig: Setting CVar [[con.DebugEarlyDefault:1]]
LogConfig: Setting CVar [[r.setres:1280x720]]
[2020.11.11-09.12.13:113][  0]LogConfig: Setting CVar [[r.VSync:0]]
[2020.11.11-09.12.13:113][  0]LogConfig: Setting CVar [[r.RHICmdBypass:0]]
[2020.11.11-09.12.13:113][  0]LogConfig: Applying CVar settings from Section [/Script/Engine.RendererSettings] File [C:/Users/arjun/Desktop/Studio3_Team1/Hell_Of_A_Game/Saved/Config/Windows/Engine.ini]
[2020.11.11-09.12.13:113][  0]LogConfig: Setting CVar [[r.GPUCrashDebugging:0]]
[2020.11.11-09.12.13:113][  0]LogConfig: Applying CVar settings from Section [/Script/Engine.RendererOverrideSettings] File [C:/Users/arjun/Desktop/Studio3_Team1/Hell_Of_A_Game/Saved/Config/Windows/Engine.ini]
[2020.11.11-09.12.13:113][  0]LogConfig: Applying CVar settings from Section [/Script/Engine.StreamingSettings] File [C:/Users/arjun/Desktop/Studio3_Team1/Hell_Of_A_Game/Saved/Config/Windows/Engine.ini]
[2020.11.11-09.12.13:113][  0]LogConfig: Setting CVar [[s.MinBulkDataSizeForAsyncLoading:131072]]
[2020.11.11-09.12.13:113][  0]LogConfig: Setting CVar [[s.AsyncLoadingThreadEnabled:0]]
[2020.11.11-09.12.13:113][  0]LogConfig: Setting CVar [[s.EventDrivenLoaderEnabled:1]]
[2020.11.11-09.12.13:113][  0]LogConfig: Setting CVar [[s.WarnIfTimeLimitExceeded:0]]
[2020.11.11-09.12.13:113][  0]LogConfig: Setting CVar [[s.TimeLimitExceededMultiplier:1.5]]
[2020.11.11-09.12.13:113][  0]LogConfig: Setting CVar [[s.TimeLimitExceededMinTime:0.005]]
[2020.11.11-09.12.13:113][  0]LogConfig: Setting CVar [[s.UseBackgroundLevelStreaming:1]]
[2020.11.11-09.12.13:113][  0]LogConfig: Setting CVar [[s.PriorityAsyncLoadingExtraTime:15.0]]
[2020.11.11-09.12.13:113][  0]LogConfig: Setting CVar [[s.LevelStreamingActorsUpdateTimeLimit:5.0]]
[2020.11.11-09.12.13:113][  0]LogConfig: Setting CVar [[s.PriorityLevelStreamingActorsUpdateExtraTime:5.0]]
[2020.11.11-09.12.13:113][  0]LogConfig: Setting CVar [[s.LevelStreamingComponentsRegistrationGranularity:10]]
[2020.11.11-09.12.13:113][  0]LogConfig: Setting CVar [[s.UnregisterComponentsTimeLimit:1.0]]
[2020.11.11-09.12.13:113][  0]LogConfig: Setting CVar [[s.LevelStreamingComponentsUnregistrationGranularity:5]]
[2020.11.11-09.12.13:113][  0]LogConfig: Setting CVar [[s.FlushStreamingOnExit:1]]
[2020.11.11-09.12.13:113][  0]LogConfig: Applying CVar settings from Section [/Script/Engine.GarbageCollectionSettings] File [C:/Users/arjun/Desktop/Studio3_Team1/Hell_Of_A_Game/Saved/Config/Windows/Engine.ini]
[2020.11.11-09.12.13:113][  0]LogConfig: Setting CVar [[gc.MaxObjectsNotConsideredByGC:1]]
[2020.11.11-09.12.13:113][  0]LogConfig: Setting CVar [[gc.SizeOfPermanentObjectPool:0]]
[2020.11.11-09.12.13:113][  0]LogConfig: Setting CVar [[gc.FlushStreamingOnGC:0]]
[2020.11.11-09.12.13:113][  0]LogConfig: Setting CVar [[gc.NumRetriesBeforeForcingGC:10]]
[2020.11.11-09.12.13:113][  0]LogConfig: Setting CVar [[gc.AllowParallelGC:1]]
[2020.11.11-09.12.13:113][  0]LogConfig: Setting CVar [[gc.TimeBetweenPurgingPendingKillObjects:61.1]]
[2020.11.11-09.12.13:113][  0]LogConfig: Setting CVar [[gc.MaxObjectsInEditor:25165824]]
[2020.11.11-09.12.13:113][  0]LogConfig: Setting CVar [[gc.IncrementalBeginDestroyEnabled:1]]
[2020.11.11-09.12.13:113][  0]LogConfig: Setting CVar [[gc.CreateGCClusters:1]]
[2020.11.11-09.12.13:113][  0]LogConfig: Setting CVar [[gc.MinGCClusterSize:5]]
[2020.11.11-09.12.13:113][  0]LogConfig: Setting CVar [[gc.ActorClusteringEnabled:0]]
[2020.11.11-09.12.13:113][  0]LogConfig: Setting CVar [[gc.BlueprintClusteringEnabled:0]]
[2020.11.11-09.12.13:113][  0]LogConfig: Setting CVar [[gc.UseDisregardForGCOnDedicatedServers:0]]
[2020.11.11-09.12.13:113][  0]LogConfig: Applying CVar settings from Section [/Script/Engine.NetworkSettings] File [C:/Users/arjun/Desktop/Studio3_Team1/Hell_Of_A_Game/Saved/Config/Windows/Engine.ini]
[2020.11.11-09.12.13:113][  0]LogConfig: Applying CVar settings from Section [/Script/UnrealEd.CookerSettings] File [C:/Users/arjun/Desktop/Studio3_Team1/Hell_Of_A_Game/Saved/Config/Windows/Engine.ini]
[2020.11.11-09.12.13:116][  0]LogConfig: Applying CVar settings from Section [ViewDistanceQuality@3] File [C:/Users/arjun/Desktop/Studio3_Team1/Hell_Of_A_Game/Saved/Config/Windows/Scalability.ini]
[2020.11.11-09.12.13:117][  0]LogConfig: Setting CVar [[r.SkeletalMeshLODBias:0]]
[2020.11.11-09.12.13:117][  0]LogConfig: Setting CVar [[r.ViewDistanceScale:1.0]]
[2020.11.11-09.12.13:117][  0]LogConfig: Applying CVar settings from Section [AntiAliasingQuality@3] File [C:/Users/arjun/Desktop/Studio3_Team1/Hell_Of_A_Game/Saved/Config/Windows/Scalability.ini]
[2020.11.11-09.12.13:117][  0]LogConfig: Setting CVar [[r.PostProcessAAQuality:4]]
[2020.11.11-09.12.13:117][  0]LogConfig: Applying CVar settings from Section [ShadowQuality@3] File [C:/Users/arjun/Desktop/Studio3_Team1/Hell_Of_A_Game/Saved/Config/Windows/Scalability.ini]
[2020.11.11-09.12.13:117][  0]LogConfig: Setting CVar [[r.LightFunctionQuality:1]]
[2020.11.11-09.12.13:117][  0]LogConfig: Setting CVar [[r.ShadowQuality:5]]
[2020.11.11-09.12.13:117][  0]LogConfig: Setting CVar [[r.Shadow.CSM.MaxCascades:10]]
[2020.11.11-09.12.13:117][  0]LogConfig: Setting CVar [[r.Shadow.MaxResolution:2048]]
[2020.11.11-09.12.13:117][  0]LogConfig: Setting CVar [[r.Shadow.MaxCSMResolution:2048]]
[2020.11.11-09.12.13:117][  0]LogConfig: Setting CVar [[r.Shadow.RadiusThreshold:0.01]]
[2020.11.11-09.12.13:117][  0]LogConfig: Setting CVar [[r.Shadow.DistanceScale:1.0]]
[2020.11.11-09.12.13:117][  0]LogConfig: Setting CVar [[r.Shadow.CSM.TransitionScale:1.0]]
[2020.11.11-09.12.13:117][  0]LogConfig: Setting CVar [[r.Shadow.PreShadowResolutionFactor:1.0]]
[2020.11.11-09.12.13:117][  0]LogConfig: Setting CVar [[r.DistanceFieldShadowing:1]]
[2020.11.11-09.12.13:117][  0]LogConfig: Setting CVar [[r.DistanceFieldAO:1]]
[2020.11.11-09.12.13:117][  0]LogConfig: Setting CVar [[r.AOQuality:2]]
[2020.11.11-09.12.13:117][  0]LogConfig: Setting CVar [[r.VolumetricFog:1]]
[2020.11.11-09.12.13:117][  0]LogConfig: Setting CVar [[r.VolumetricFog.GridPixelSize:8]]
[2020.11.11-09.12.13:117][  0]LogConfig: Setting CVar [[r.VolumetricFog.GridSizeZ:128]]
[2020.11.11-09.12.13:117][  0]LogConfig: Setting CVar [[r.VolumetricFog.HistoryMissSupersampleCount:4]]
[2020.11.11-09.12.13:117][  0]LogConfig: Setting CVar [[r.LightMaxDrawDistanceScale:1]]
[2020.11.11-09.12.13:117][  0]LogConfig: Setting CVar [[r.CapsuleShadows:1]]
[2020.11.11-09.12.13:117][  0]LogConfig: Applying CVar settings from Section [PostProcessQuality@3] File [C:/Users/arjun/Desktop/Studio3_Team1/Hell_Of_A_Game/Saved/Config/Windows/Scalability.ini]
[2020.11.11-09.12.13:117][  0]LogConfig: Setting CVar [[r.MotionBlurQuality:4]]
[2020.11.11-09.12.13:117][  0]LogConfig: Setting CVar [[r.AmbientOcclusionMipLevelFactor:0.4]]
[2020.11.11-09.12.13:117][  0]LogConfig: Setting CVar [[r.AmbientOcclusionMaxQuality:100]]
[2020.11.11-09.12.13:117][  0]LogConfig: Setting CVar [[r.AmbientOcclusionLevels:-1]]
[2020.11.11-09.12.13:117][  0]LogConfig: Setting CVar [[r.AmbientOcclusionRadiusScale:1.0]]
[2020.11.11-09.12.13:117][  0]LogConfig: Setting CVar [[r.DepthOfFieldQuality:2]]
[2020.11.11-09.12.13:117][  0]LogConfig: Setting CVar [[r.RenderTargetPoolMin:400]]
[2020.11.11-09.12.13:117][  0]LogConfig: Setting CVar [[r.LensFlareQuality:2]]
[2020.11.11-09.12.13:117][  0]LogConfig: Setting CVar [[r.SceneColorFringeQuality:1]]
[2020.11.11-09.12.13:117][  0]LogConfig: Setting CVar [[r.EyeAdaptationQuality:2]]
[2020.11.11-09.12.13:117][  0]LogConfig: Setting CVar [[r.BloomQuality:5]]
[2020.11.11-09.12.13:117][  0]LogConfig: Setting CVar [[r.FastBlurThreshold:100]]
[2020.11.11-09.12.13:117][  0]LogConfig: Setting CVar [[r.Upscale.Quality:3]]
[2020.11.11-09.12.13:117][  0]LogConfig: Setting CVar [[r.Tonemapper.GrainQuantization:1]]
[2020.11.11-09.12.13:117][  0]LogConfig: Setting CVar [[r.LightShaftQuality:1]]
[2020.11.11-09.12.13:117][  0]LogConfig: Setting CVar [[r.Filter.SizeScale:1]]
[2020.11.11-09.12.13:117][  0]LogConfig: Setting CVar [[r.Tonemapper.Quality:5]]
[2020.11.11-09.12.13:117][  0]LogConfig: Setting CVar [[r.DOF.Gather.AccumulatorQuality:1        ; higher gathering accumulator quality]]
[2020.11.11-09.12.13:117][  0]LogConfig: Setting CVar [[r.DOF.Gather.PostfilterMethod:1          ; Median3x3 postfilering method]]
[2020.11.11-09.12.13:117][  0]LogConfig: Setting CVar [[r.DOF.Gather.EnableBokehSettings:0       ; no bokeh simulation when gathering]]
[2020.11.11-09.12.13:117][  0]LogConfig: Setting CVar [[r.DOF.Gather.RingCount:4                 ; medium number of samples when gathering]]
[2020.11.11-09.12.13:117][  0]LogConfig: Setting CVar [[r.DOF.Scatter.ForegroundCompositing:1    ; additive foreground scattering]]
[2020.11.11-09.12.13:117][  0]LogConfig: Setting CVar [[r.DOF.Scatter.BackgroundCompositing:2    ; additive background scattering]]
[2020.11.11-09.12.13:117][  0]LogConfig: Setting CVar [[r.DOF.Scatter.EnableBokehSettings:1      ; bokeh simulation when scattering]]
[2020.11.11-09.12.13:117][  0]LogConfig: Setting CVar [[r.DOF.Scatter.MaxSpriteRatio:0.1         ; only a maximum of 10% of scattered bokeh]]
[2020.11.11-09.12.13:117][  0]LogConfig: Setting CVar [[r.DOF.Recombine.Quality:1                ; cheap slight out of focus]]
[2020.11.11-09.12.13:117][  0]LogConfig: Setting CVar [[r.DOF.Recombine.EnableBokehSettings:0    ; no bokeh simulation on slight out of focus]]
[2020.11.11-09.12.13:117][  0]LogConfig: Setting CVar [[r.DOF.TemporalAAQuality:1                ; more stable temporal accumulation]]
[2020.11.11-09.12.13:117][  0]LogConfig: Setting CVar [[r.DOF.Kernel.MaxForegroundRadius:0.025]]
[2020.11.11-09.12.13:117][  0]LogConfig: Setting CVar [[r.DOF.Kernel.MaxBackgroundRadius:0.025]]
[2020.11.11-09.12.13:117][  0]LogConfig: Applying CVar settings from Section [TextureQuality@3] File [C:/Users/arjun/Desktop/Studio3_Team1/Hell_Of_A_Game/Saved/Config/Windows/Scalability.ini]
[2020.11.11-09.12.13:117][  0]LogConfig: Setting CVar [[r.Streaming.MipBias:0]]
[2020.11.11-09.12.13:117][  0]LogConfig: Setting CVar [[r.Streaming.AmortizeCPUToGPUCopy:0]]
[2020.11.11-09.12.13:117][  0]LogConfig: Setting CVar [[r.Streaming.MaxNumTexturesToStreamPerFrame:0]]
[2020.11.11-09.12.13:117][  0]LogConfig: Setting CVar [[r.Streaming.Boost:1]]
[2020.11.11-09.12.13:117][  0]LogConfig: Setting CVar [[r.MaxAnisotropy:8]]
[2020.11.11-09.12.13:117][  0]LogConfig: Setting CVar [[r.VT.MaxAnisotropy:8]]
[2020.11.11-09.12.13:117][  0]LogConfig: Setting CVar [[r.Streaming.LimitPoolSizeToVRAM:0]]
[2020.11.11-09.12.13:117][  0]LogConfig: Setting CVar [[r.Streaming.PoolSize:1000]]
[2020.11.11-09.12.13:117][  0]LogConfig: Setting CVar [[r.Streaming.MaxEffectiveScreenSize:0]]
[2020.11.11-09.12.13:117][  0]LogConfig: Applying CVar settings from Section [EffectsQuality@3] File [C:/Users/arjun/Desktop/Studio3_Team1/Hell_Of_A_Game/Saved/Config/Windows/Scalability.ini]
[2020.11.11-09.12.13:117][  0]LogConfig: Setting CVar [[r.TranslucencyLightingVolumeDim:64]]
[2020.11.11-09.12.13:117][  0]LogConfig: Setting CVar [[r.RefractionQuality:2]]
[2020.11.11-09.12.13:117][  0]LogConfig: Setting CVar [[r.SSR.Quality:3]]
[2020.11.11-09.12.13:117][  0]LogConfig: Setting CVar [[r.SSR.HalfResSceneColor:0]]
[2020.11.11-09.12.13:117][  0]LogConfig: Setting CVar [[r.SceneColorFormat:4]]
[2020.11.11-09.12.13:117][  0]LogConfig: Setting CVar [[r.DetailMode:2]]
[2020.11.11-09.12.13:117][  0]LogConfig: Setting CVar [[r.TranslucencyVolumeBlur:1]]
[2020.11.11-09.12.13:117][  0]LogConfig: Setting CVar [[r.MaterialQualityLevel:1 ; High quality]]
[2020.11.11-09.12.13:117][  0]LogConfig: Setting CVar [[r.SSS.Scale:1]]
[2020.11.11-09.12.13:117][  0]LogConfig: Setting CVar [[r.SSS.SampleSet:2]]
[2020.11.11-09.12.13:117][  0]LogConfig: Setting CVar [[r.SSS.Quality:1]]
[2020.11.11-09.12.13:117][  0]LogConfig: Setting CVar [[r.SSS.HalfRes:0]]
[2020.11.11-09.12.13:117][  0]LogConfig: Setting CVar [[r.SSGI.Quality:3]]
[2020.11.11-09.12.13:117][  0]LogConfig: Setting CVar [[r.EmitterSpawnRateScale:1.0]]
[2020.11.11-09.12.13:117][  0]LogConfig: Setting CVar [[r.ParticleLightQuality:2]]
[2020.11.11-09.12.13:117][  0]LogConfig: Setting CVar [[r.SkyAtmosphere.AerialPerspectiveLUT.FastApplyOnOpaque:1 ; Always have FastSkyLUT 1 in this case to avoid wrong sky]]
[2020.11.11-09.12.13:117][  0]LogConfig: Setting CVar [[r.SkyAtmosphere.AerialPerspectiveLUT.SampleCountPerSlice:1]]
[2020.11.11-09.12.13:117][  0]LogConfig: Setting CVar [[r.SkyAtmosphere.AerialPerspectiveLUT.DepthResolution:16.0]]
[2020.11.11-09.12.13:118][  0]LogConfig: Setting CVar [[r.SkyAtmosphere.FastSkyLUT:1]]
[2020.11.11-09.12.13:118][  0]LogConfig: Setting CVar [[r.SkyAtmosphere.FastSkyLUT.SampleCountMin:4.0]]
[2020.11.11-09.12.13:118][  0]LogConfig: Setting CVar [[r.SkyAtmosphere.FastSkyLUT.SampleCountMax:32.0]]
[2020.11.11-09.12.13:118][  0]LogConfig: Setting CVar [[r.SkyAtmosphere.SampleCountMin:4.0]]
[2020.11.11-09.12.13:118][  0]LogConfig: Setting CVar [[r.SkyAtmosphere.SampleCountMax:32.0]]
[2020.11.11-09.12.13:118][  0]LogConfig: Setting CVar [[r.SkyAtmosphere.TransmittanceLUT.UseSmallFormat:0]]
[2020.11.11-09.12.13:118][  0]LogConfig: Setting CVar [[r.SkyAtmosphere.TransmittanceLUT.SampleCount:10.0]]
[2020.11.11-09.12.13:118][  0]LogConfig: Setting CVar [[r.SkyAtmosphere.MultiScatteringLUT.SampleCount:15.0]]
[2020.11.11-09.12.13:118][  0]LogConfig: Applying CVar settings from Section [FoliageQuality@3] File [C:/Users/arjun/Desktop/Studio3_Team1/Hell_Of_A_Game/Saved/Config/Windows/Scalability.ini]
[2020.11.11-09.12.13:118][  0]LogConfig: Setting CVar [[foliage.DensityScale:1.0]]
[2020.11.11-09.12.13:118][  0]LogConfig: Setting CVar [[grass.DensityScale:1.0]]
[2020.11.11-09.12.13:118][  0]LogConfig: Applying CVar settings from Section [ShadingQuality@3] File [C:/Users/arjun/Desktop/Studio3_Team1/Hell_Of_A_Game/Saved/Config/Windows/Scalability.ini]
[2020.11.11-09.12.13:118][  0]LogConfig: Setting CVar [[r.HairStrands.SkyLighting.SampleCount:16]]
[2020.11.11-09.12.13:118][  0]LogConfig: Setting CVar [[r.HairStrands.SkyLighting.JitterIntegration:0]]
[2020.11.11-09.12.13:118][  0]LogConfig: Setting CVar [[r.HairStrands.SkyAO.SampleCount:16]]
[2020.11.11-09.12.13:118][  0]LogConfig: Setting CVar [[r.HairStrands.DeepShadow.SuperSampling:0]]
[2020.11.11-09.12.13:118][  0]LogConfig: Setting CVar [[r.HairStrands.VisibilityPPLL:0]]
[2020.11.11-09.12.13:118][  0]LogConfig: Setting CVar [[r.HairStrands.RasterizationScale:0.5]]
[2020.11.11-09.12.13:118][  0]LogConfig: Setting CVar [[r.HairStrands.VelocityRasterizationScale:1]]
[2020.11.11-09.12.13:118][  0]LogInit: Selected Device Profile: [Windows]
[2020.11.11-09.12.13:118][  0]LogInit: Applying CVar settings loaded from the selected device profile: [Windows]
[2020.11.11-09.12.13:118][  0]LogHAL: Display: Platform has ~ 8 GB [8464355328 / 8589934592 / 8], which maps to Default [LargestMinGB=32, LargerMinGB=12, DefaultMinGB=8, SmallerMinGB=6, SmallestMinGB=0)
[2020.11.11-09.12.13:118][  0]LogInit: Going up to parent DeviceProfile []
[2020.11.11-09.12.13:118][  0]LogConfig: Applying CVar settings from Section [ViewDistanceQuality@3] File [C:/Users/arjun/Desktop/Studio3_Team1/Hell_Of_A_Game/Saved/Config/Windows/Scalability.ini]
[2020.11.11-09.12.13:118][  0]LogConfig: Setting CVar [[r.SkeletalMeshLODBias:0]]
[2020.11.11-09.12.13:118][  0]LogConfig: Setting CVar [[r.ViewDistanceScale:1.0]]
[2020.11.11-09.12.13:118][  0]LogConfig: Applying CVar settings from Section [AntiAliasingQuality@3] File [C:/Users/arjun/Desktop/Studio3_Team1/Hell_Of_A_Game/Saved/Config/Windows/Scalability.ini]
[2020.11.11-09.12.13:118][  0]LogConfig: Setting CVar [[r.PostProcessAAQuality:4]]
[2020.11.11-09.12.13:118][  0]LogConfig: Applying CVar settings from Section [ShadowQuality@3] File [C:/Users/arjun/Desktop/Studio3_Team1/Hell_Of_A_Game/Saved/Config/Windows/Scalability.ini]
[2020.11.11-09.12.13:118][  0]LogConfig: Setting CVar [[r.LightFunctionQuality:1]]
[2020.11.11-09.12.13:118][  0]LogConfig: Setting CVar [[r.ShadowQuality:5]]
[2020.11.11-09.12.13:118][  0]LogConfig: Setting CVar [[r.Shadow.CSM.MaxCascades:10]]
[2020.11.11-09.12.13:118][  0]LogConfig: Setting CVar [[r.Shadow.MaxResolution:2048]]
[2020.11.11-09.12.13:118][  0]LogConfig: Setting CVar [[r.Shadow.MaxCSMResolution:2048]]
[2020.11.11-09.12.13:118][  0]LogConfig: Setting CVar [[r.Shadow.RadiusThreshold:0.01]]
[2020.11.11-09.12.13:118][  0]LogConfig: Setting CVar [[r.Shadow.DistanceScale:1.0]]
[2020.11.11-09.12.13:118][  0]LogConfig: Setting CVar [[r.Shadow.CSM.TransitionScale:1.0]]
[2020.11.11-09.12.13:118][  0]LogConfig: Setting CVar [[r.Shadow.PreShadowResolutionFactor:1.0]]
[2020.11.11-09.12.13:118][  0]LogConfig: Setting CVar [[r.DistanceFieldShadowing:1]]
[2020.11.11-09.12.13:118][  0]LogConfig: Setting CVar [[r.DistanceFieldAO:1]]
[2020.11.11-09.12.13:118][  0]LogConfig: Setting CVar [[r.AOQuality:2]]
[2020.11.11-09.12.13:118][  0]LogConfig: Setting CVar [[r.VolumetricFog:1]]
[2020.11.11-09.12.13:118][  0]LogConfig: Setting CVar [[r.VolumetricFog.GridPixelSize:8]]
[2020.11.11-09.12.13:118][  0]LogConfig: Setting CVar [[r.VolumetricFog.GridSizeZ:128]]
[2020.11.11-09.12.13:118][  0]LogConfig: Setting CVar [[r.VolumetricFog.HistoryMissSupersampleCount:4]]
[2020.11.11-09.12.13:118][  0]LogConfig: Setting CVar [[r.LightMaxDrawDistanceScale:1]]
[2020.11.11-09.12.13:118][  0]LogConfig: Setting CVar [[r.CapsuleShadows:1]]
[2020.11.11-09.12.13:118][  0]LogConfig: Applying CVar settings from Section [PostProcessQuality@3] File [C:/Users/arjun/Desktop/Studio3_Team1/Hell_Of_A_Game/Saved/Config/Windows/Scalability.ini]
[2020.11.11-09.12.13:118][  0]LogConfig: Setting CVar [[r.MotionBlurQuality:4]]
[2020.11.11-09.12.13:118][  0]LogConfig: Setting CVar [[r.AmbientOcclusionMipLevelFactor:0.4]]
[2020.11.11-09.12.13:118][  0]LogConfig: Setting CVar [[r.AmbientOcclusionMaxQuality:100]]
[2020.11.11-09.12.13:118][  0]LogConfig: Setting CVar [[r.AmbientOcclusionLevels:-1]]
[2020.11.11-09.12.13:118][  0]LogConfig: Setting CVar [[r.AmbientOcclusionRadiusScale:1.0]]
[2020.11.11-09.12.13:118][  0]LogConfig: Setting CVar [[r.DepthOfFieldQuality:2]]
[2020.11.11-09.12.13:118][  0]LogConfig: Setting CVar [[r.RenderTargetPoolMin:400]]
[2020.11.11-09.12.13:118][  0]LogConfig: Setting CVar [[r.LensFlareQuality:2]]
[2020.11.11-09.12.13:118][  0]LogConfig: Setting CVar [[r.SceneColorFringeQuality:1]]
[2020.11.11-09.12.13:118][  0]LogConfig: Setting CVar [[r.EyeAdaptationQuality:2]]
[2020.11.11-09.12.13:118][  0]LogConfig: Setting CVar [[r.BloomQuality:5]]
[2020.11.11-09.12.13:118][  0]LogConfig: Setting CVar [[r.FastBlurThreshold:100]]
[2020.11.11-09.12.13:118][  0]LogConfig: Setting CVar [[r.Upscale.Quality:3]]
[2020.11.11-09.12.13:118][  0]LogConfig: Setting CVar [[r.Tonemapper.GrainQuantization:1]]
[2020.11.11-09.12.13:118][  0]LogConfig: Setting CVar [[r.LightShaftQuality:1]]
[2020.11.11-09.12.13:118][  0]LogConfig: Setting CVar [[r.Filter.SizeScale:1]]
[2020.11.11-09.12.13:118][  0]LogConfig: Setting CVar [[r.Tonemapper.Quality:5]]
[2020.11.11-09.12.13:118][  0]LogConfig: Setting CVar [[r.DOF.Gather.AccumulatorQuality:1        ; higher gathering accumulator quality]]
[2020.11.11-09.12.13:118][  0]LogConfig: Setting CVar [[r.DOF.Gather.PostfilterMethod:1          ; Median3x3 postfilering method]]
[2020.11.11-09.12.13:118][  0]LogConfig: Setting CVar [[r.DOF.Gather.EnableBokehSettings:0       ; no bokeh simulation when gathering]]
[2020.11.11-09.12.13:118][  0]LogConfig: Setting CVar [[r.DOF.Gather.RingCount:4                 ; medium number of samples when gathering]]
[2020.11.11-09.12.13:118][  0]LogConfig: Setting CVar [[r.DOF.Scatter.ForegroundCompositing:1    ; additive foreground scattering]]
[2020.11.11-09.12.13:118][  0]LogConfig: Setting CVar [[r.DOF.Scatter.BackgroundCompositing:2    ; additive background scattering]]
[2020.11.11-09.12.13:118][  0]LogConfig: Setting CVar [[r.DOF.Scatter.EnableBokehSettings:1      ; bokeh simulation when scattering]]
[2020.11.11-09.12.13:118][  0]LogConfig: Setting CVar [[r.DOF.Scatter.MaxSpriteRatio:0.1         ; only a maximum of 10% of scattered bokeh]]
[2020.11.11-09.12.13:118][  0]LogConfig: Setting CVar [[r.DOF.Recombine.Quality:1                ; cheap slight out of focus]]
[2020.11.11-09.12.13:118][  0]LogConfig: Setting CVar [[r.DOF.Recombine.EnableBokehSettings:0    ; no bokeh simulation on slight out of focus]]
[2020.11.11-09.12.13:118][  0]LogConfig: Setting CVar [[r.DOF.TemporalAAQuality:1                ; more stable temporal accumulation]]
[2020.11.11-09.12.13:118][  0]LogConfig: Setting CVar [[r.DOF.Kernel.MaxForegroundRadius:0.025]]
[2020.11.11-09.12.13:119][  0]LogConfig: Setting CVar [[r.DOF.Kernel.MaxBackgroundRadius:0.025]]
[2020.11.11-09.12.13:119][  0]LogConfig: Applying CVar settings from Section [TextureQuality@3] File [C:/Users/arjun/Desktop/Studio3_Team1/Hell_Of_A_Game/Saved/Config/Windows/Scalability.ini]
[2020.11.11-09.12.13:119][  0]LogConfig: Setting CVar [[r.Streaming.MipBias:0]]
[2020.11.11-09.12.13:119][  0]LogConfig: Setting CVar [[r.Streaming.AmortizeCPUToGPUCopy:0]]
[2020.11.11-09.12.13:119][  0]LogConfig: Setting CVar [[r.Streaming.MaxNumTexturesToStreamPerFrame:0]]
[2020.11.11-09.12.13:119][  0]LogConfig: Setting CVar [[r.Streaming.Boost:1]]
[2020.11.11-09.12.13:119][  0]LogConfig: Setting CVar [[r.MaxAnisotropy:8]]
[2020.11.11-09.12.13:119][  0]LogConfig: Setting CVar [[r.VT.MaxAnisotropy:8]]
[2020.11.11-09.12.13:119][  0]LogConfig: Setting CVar [[r.Streaming.LimitPoolSizeToVRAM:0]]
[2020.11.11-09.12.13:119][  0]LogConfig: Setting CVar [[r.Streaming.PoolSize:1000]]
[2020.11.11-09.12.13:119][  0]LogConfig: Setting CVar [[r.Streaming.MaxEffectiveScreenSize:0]]
[2020.11.11-09.12.13:119][  0]LogConfig: Applying CVar settings from Section [EffectsQuality@3] File [C:/Users/arjun/Desktop/Studio3_Team1/Hell_Of_A_Game/Saved/Config/Windows/Scalability.ini]
[2020.11.11-09.12.13:119][  0]LogConfig: Setting CVar [[r.TranslucencyLightingVolumeDim:64]]
[2020.11.11-09.12.13:119][  0]LogConfig: Setting CVar [[r.RefractionQuality:2]]
[2020.11.11-09.12.13:119][  0]LogConfig: Setting CVar [[r.SSR.Quality:3]]
[2020.11.11-09.12.13:119][  0]LogConfig: Setting CVar [[r.SSR.HalfResSceneColor:0]]
[2020.11.11-09.12.13:119][  0]LogConfig: Setting CVar [[r.SceneColorFormat:4]]
[2020.11.11-09.12.13:119][  0]LogConfig: Setting CVar [[r.DetailMode:2]]
[2020.11.11-09.12.13:119][  0]LogConfig: Setting CVar [[r.TranslucencyVolumeBlur:1]]
[2020.11.11-09.12.13:119][  0]LogConfig: Setting CVar [[r.MaterialQualityLevel:1 ; High quality]]
[2020.11.11-09.12.13:119][  0]LogConfig: Setting CVar [[r.SSS.Scale:1]]
[2020.11.11-09.12.13:119][  0]LogConfig: Setting CVar [[r.SSS.SampleSet:2]]
[2020.11.11-09.12.13:119][  0]LogConfig: Setting CVar [[r.SSS.Quality:1]]
[2020.11.11-09.12.13:119][  0]LogConfig: Setting CVar [[r.SSS.HalfRes:0]]
[2020.11.11-09.12.13:119][  0]LogConfig: Setting CVar [[r.SSGI.Quality:3]]
[2020.11.11-09.12.13:119][  0]LogConfig: Setting CVar [[r.EmitterSpawnRateScale:1.0]]
[2020.11.11-09.12.13:119][  0]LogConfig: Setting CVar [[r.ParticleLightQuality:2]]
[2020.11.11-09.12.13:119][  0]LogConfig: Setting CVar [[r.SkyAtmosphere.AerialPerspectiveLUT.FastApplyOnOpaque:1 ; Always have FastSkyLUT 1 in this case to avoid wrong sky]]
[2020.11.11-09.12.13:119][  0]LogConfig: Setting CVar [[r.SkyAtmosphere.AerialPerspectiveLUT.SampleCountPerSlice:1]]
[2020.11.11-09.12.13:119][  0]LogConfig: Setting CVar [[r.SkyAtmosphere.AerialPerspectiveLUT.DepthResolution:16.0]]
[2020.11.11-09.12.13:119][  0]LogConfig: Setting CVar [[r.SkyAtmosphere.FastSkyLUT:1]]
[2020.11.11-09.12.13:119][  0]LogConfig: Setting CVar [[r.SkyAtmosphere.FastSkyLUT.SampleCountMin:4.0]]
[2020.11.11-09.12.13:119][  0]LogConfig: Setting CVar [[r.SkyAtmosphere.FastSkyLUT.SampleCountMax:32.0]]
[2020.11.11-09.12.13:119][  0]LogConfig: Setting CVar [[r.SkyAtmosphere.SampleCountMin:4.0]]
[2020.11.11-09.12.13:119][  0]LogConfig: Setting CVar [[r.SkyAtmosphere.SampleCountMax:32.0]]
[2020.11.11-09.12.13:119][  0]LogConfig: Setting CVar [[r.SkyAtmosphere.TransmittanceLUT.UseSmallFormat:0]]
[2020.11.11-09.12.13:119][  0]LogConfig: Setting CVar [[r.SkyAtmosphere.TransmittanceLUT.SampleCount:10.0]]
[2020.11.11-09.12.13:119][  0]LogConfig: Setting CVar [[r.SkyAtmosphere.MultiScatteringLUT.SampleCount:15.0]]
[2020.11.11-09.12.13:119][  0]LogConfig: Applying CVar settings from Section [FoliageQuality@3] File [C:/Users/arjun/Desktop/Studio3_Team1/Hell_Of_A_Game/Saved/Config/Windows/Scalability.ini]
[2020.11.11-09.12.13:119][  0]LogConfig: Setting CVar [[foliage.DensityScale:1.0]]
[2020.11.11-09.12.13:119][  0]LogConfig: Setting CVar [[grass.DensityScale:1.0]]
[2020.11.11-09.12.13:119][  0]LogConfig: Applying CVar settings from Section [ShadingQuality@3] File [C:/Users/arjun/Desktop/Studio3_Team1/Hell_Of_A_Game/Saved/Config/Windows/Scalability.ini]
[2020.11.11-09.12.13:119][  0]LogConfig: Setting CVar [[r.HairStrands.SkyLighting.SampleCount:16]]
[2020.11.11-09.12.13:119][  0]LogConfig: Setting CVar [[r.HairStrands.SkyLighting.JitterIntegration:0]]
[2020.11.11-09.12.13:119][  0]LogConfig: Setting CVar [[r.HairStrands.SkyAO.SampleCount:16]]
[2020.11.11-09.12.13:119][  0]LogConfig: Setting CVar [[r.HairStrands.DeepShadow.SuperSampling:0]]
[2020.11.11-09.12.13:119][  0]LogConfig: Setting CVar [[r.HairStrands.VisibilityPPLL:0]]
[2020.11.11-09.12.13:119][  0]LogConfig: Setting CVar [[r.HairStrands.RasterizationScale:0.5]]
[2020.11.11-09.12.13:119][  0]LogConfig: Setting CVar [[r.HairStrands.VelocityRasterizationScale:1]]
[2020.11.11-09.12.13:119][  0]LogConfig: Applying CVar settings from Section [Startup] File [../../../Engine/Config/ConsoleVariables.ini]
[2020.11.11-09.12.13:128][  0]LogConfig: Setting CVar [[net.UseAdaptiveNetUpdateFrequency:0]]
[2020.11.11-09.12.13:128][  0]LogConfig: Setting CVar [[p.chaos.AllowCreatePhysxBodies:1]]
[2020.11.11-09.12.13:128][  0]LogConfig: Setting CVar [[fx.SkipVectorVMBackendOptimizations:1]]
[2020.11.11-09.12.13:128][  0]LogConfig: Applying CVar settings from Section [ConsoleVariables] File [C:/Users/arjun/Desktop/Studio3_Team1/Hell_Of_A_Game/Saved/Config/Windows/Engine.ini]
[2020.11.11-09.12.13:128][  0]LogInit: Computer: LAPTOP-P1R6HT0B
[2020.11.11-09.12.13:128][  0]LogInit: User: arjun
[2020.11.11-09.12.13:128][  0]LogInit: CPU Page size=4096, Cores=4
[2020.11.11-09.12.13:128][  0]LogInit: High frequency timer resolution =10.000000 MHz
[2020.11.11-09.12.13:129][  0]LogMemory: Memory total: Physical=7.9GB (8GB approx)
[2020.11.11-09.12.13:129][  0]LogMemory: Platform Memory Stats for Windows
[2020.11.11-09.12.13:129][  0]LogMemory: Process Physical Memory: 113.03 MB used, 113.04 MB peak
[2020.11.11-09.12.13:129][  0]LogMemory: Process Virtual Memory: 95.88 MB used, 95.88 MB peak
[2020.11.11-09.12.13:129][  0]LogMemory: Physical Memory: 5573.09 MB used,  2499.14 MB free, 8072.24 MB total
[2020.11.11-09.12.13:129][  0]LogMemory: Virtual Memory: 5140.13 MB used,  134212584.00 MB free, 134217728.00 MB total
[2020.11.11-09.12.13:135][  0]LogWindows: WindowsPlatformFeatures enabled
[2020.11.11-09.12.13:222][  0]LogInit: Physics initialised using underlying interface: PhysX
[2020.11.11-09.12.13:225][  0]LogInit: Using OS detected language (en-US).
[2020.11.11-09.12.13:225][  0]LogInit: Using OS detected locale (en-AU).
[2020.11.11-09.12.13:245][  0]LogTextLocalizationManager: No specific localization for 'en-US' exists, so the 'en' localization will be used.
[2020.11.11-09.12.13:639][  0]LogInit: Setting process to per monitor DPI aware
[2020.11.11-09.12.13:783][  0]LogSlate: New Slate User Created.  User Index 0, Is Virtual User: 0
[2020.11.11-09.12.13:783][  0]LogSlate: Slate User Registered.  User Index 0, Is Virtual User: 0
[2020.11.11-09.12.17:274][  0]LogD3D11RHI: D3D11 min allowed feature level: 11_0
[2020.11.11-09.12.17:274][  0]LogD3D11RHI: D3D11 max allowed feature level: 11_0
[2020.11.11-09.12.17:274][  0]LogD3D11RHI: D3D11 adapters:
[2020.11.11-09.12.17:394][  0]LogD3D11RHI:    0. 'NVIDIA GeForce GTX 1650' (Feature Level 11_0)
[2020.11.11-09.12.17:394][  0]LogD3D11RHI:       3962/0/4036 MB DedicatedVideo/DedicatedSystem/SharedSystem, Outputs:1, VendorId:0x10de
[2020.11.11-09.12.17:444][  0]LogD3D11RHI:    1. 'Intel(R) UHD Graphics 630' (Feature Level 11_0)
[2020.11.11-09.12.17:444][  0]LogD3D11RHI:       128/0/4036 MB DedicatedVideo/DedicatedSystem/SharedSystem, Outputs:0, VendorId:0x8086
[2020.11.11-09.12.17:451][  0]LogD3D11RHI:    2. 'Microsoft Basic Render Driver' (Feature Level 11_0)
[2020.11.11-09.12.17:452][  0]LogD3D11RHI:       0/0/4036 MB DedicatedVideo/DedicatedSystem/SharedSystem, Outputs:0, VendorId:0x1414
[2020.11.11-09.12.17:452][  0]LogD3D11RHI: Chosen D3D11 Adapter: 0
[2020.11.11-09.12.17:498][  0]LogD3D11RHI: Creating new Direct3DDevice
[2020.11.11-09.12.17:498][  0]LogD3D11RHI:     GPU DeviceId: 0x1f91 (for the marketing name, search the web for "GPU Device Id")
[2020.11.11-09.12.17:498][  0]LogWindows: EnumDisplayDevices:
[2020.11.11-09.12.17:498][  0]LogWindows:    0. 'Intel(R) UHD Graphics 630' (P:1 D:1)
[2020.11.11-09.12.17:499][  0]LogWindows:    1. 'Intel(R) UHD Graphics 630' (P:0 D:0)
[2020.11.11-09.12.17:499][  0]LogWindows:    2. 'Intel(R) UHD Graphics 630' (P:0 D:0)
[2020.11.11-09.12.17:499][  0]LogWindows:    3. 'NVIDIA GeForce GTX 1650' (P:0 D:0)
[2020.11.11-09.12.17:499][  0]LogWindows:    4. 'NVIDIA GeForce GTX 1650' (P:0 D:0)
[2020.11.11-09.12.17:500][  0]LogWindows:    5. 'NVIDIA GeForce GTX 1650' (P:0 D:0)
[2020.11.11-09.12.17:500][  0]LogWindows:    6. 'NVIDIA GeForce GTX 1650' (P:0 D:0)
[2020.11.11-09.12.17:500][  0]LogWindows: DebugString: PrimaryIsNotTheChoosenAdapter PrimaryIsNotTheChoosenAdapter PrimaryIsNotTheChoosenAdapter FoundDriverCount:4 
[2020.11.11-09.12.17:500][  0]LogD3D11RHI:     Adapter Name: NVIDIA GeForce GTX 1650
[2020.11.11-09.12.17:500][  0]LogD3D11RHI:   Driver Version: 451.67 (internal:27.21.14.5167, unified:451.67)
[2020.11.11-09.12.17:500][  0]LogD3D11RHI:      Driver Date: 7-5-2020
[2020.11.11-09.12.17:500][  0]LogRHI: Texture pool is 2773 MB (70% of 3962 MB)
[2020.11.11-09.12.17:554][  0]LogD3D11RHI: RHI has support for 64 bit atomics
[2020.11.11-09.12.17:554][  0]LogD3D11RHI: Async texture creation enabled
[2020.11.11-09.12.17:554][  0]LogD3D11RHI: Array index from any shader is supported
[2020.11.11-09.12.17:575][  0]LogD3D11RHI: GPU Timing Frequency: 1000.000000 (Debug: 2 1)
[2020.11.11-09.12.17:980][  0]LogTargetPlatformManager: Display: Loaded TargetPlatform 'AllDesktop'
[2020.11.11-09.12.18:012][  0]LogTargetPlatformManager: Display: Loaded TargetPlatform 'Android'
[2020.11.11-09.12.18:012][  0]LogTargetPlatformManager: Display: Loaded TargetPlatform 'Android_ASTC'
[2020.11.11-09.12.18:012][  0]LogTargetPlatformManager: Display: Loaded TargetPlatform 'Android_DXT'
[2020.11.11-09.12.18:012][  0]LogTargetPlatformManager: Display: Loaded TargetPlatform 'Android_ETC2'
[2020.11.11-09.12.18:012][  0]LogTargetPlatformManager: Display: Loaded TargetPlatform 'AndroidClient'
[2020.11.11-09.12.18:012][  0]LogTargetPlatformManager: Display: Loaded TargetPlatform 'Android_ASTCClient'
[2020.11.11-09.12.18:012][  0]LogTargetPlatformManager: Display: Loaded TargetPlatform 'Android_DXTClient'
[2020.11.11-09.12.18:012][  0]LogTargetPlatformManager: Display: Loaded TargetPlatform 'Android_ETC2Client'
[2020.11.11-09.12.18:012][  0]LogTargetPlatformManager: Display: Loaded TargetPlatform 'Android_Multi'
[2020.11.11-09.12.18:012][  0]LogTargetPlatformManager: Display: Loaded TargetPlatform 'Android_MultiClient'
[2020.11.11-09.12.18:062][  0]LogTargetPlatformManager: Display: Loaded TargetPlatform 'IOSClient'
[2020.11.11-09.12.18:062][  0]LogTargetPlatformManager: Display: Loaded TargetPlatform 'IOS'
[2020.11.11-09.12.18:088][  0]LogTargetPlatformManager: Display: Loaded TargetPlatform 'Linux'
[2020.11.11-09.12.18:103][  0]LogTargetPlatformManager: Display: Loaded TargetPlatform 'LinuxNoEditor'
[2020.11.11-09.12.18:115][  0]LogTargetPlatformManager: Display: Loaded TargetPlatform 'LinuxClient'
[2020.11.11-09.12.18:128][  0]LogTargetPlatformManager: Display: Loaded TargetPlatform 'LinuxServer'
[2020.11.11-09.12.18:139][  0]LogTargetPlatformManager: Display: Loaded TargetPlatform 'LinuxAArch64NoEditor'
[2020.11.11-09.12.18:150][  0]LogTargetPlatformManager: Display: Loaded TargetPlatform 'LinuxAArch64Client'
[2020.11.11-09.12.18:162][  0]LogTargetPlatformManager: Display: Loaded TargetPlatform 'LinuxAArch64Server'
[2020.11.11-09.12.18:197][  0]LogTargetPlatformManager: Display: Loaded TargetPlatform 'Lumin'
[2020.11.11-09.12.18:197][  0]LogTargetPlatformManager: Display: Loaded TargetPlatform 'LuminClient'
[2020.11.11-09.12.18:219][  0]LogTargetPlatformManager: Display: Loaded TargetPlatform 'TVOSClient'
[2020.11.11-09.12.18:219][  0]LogTargetPlatformManager: Display: Loaded TargetPlatform 'TVOS'
[2020.11.11-09.12.18:231][  0]LogTargetPlatformManager: Display: Loaded TargetPlatform 'WindowsNoEditor'
[2020.11.11-09.12.18:244][  0]LogTargetPlatformManager: Display: Loaded TargetPlatform 'Windows'
[2020.11.11-09.12.18:256][  0]LogTargetPlatformManager: Display: Loaded TargetPlatform 'WindowsClient'
[2020.11.11-09.12.18:269][  0]LogTargetPlatformManager: Display: Loaded TargetPlatform 'WindowsServer'
[2020.11.11-09.12.18:269][  0]LogTargetPlatformManager: Display: Building Assets For Windows
[2020.11.11-09.12.18:282][  0]LogAudioDebug: Display: Lib vorbis DLL was dynamically loaded.
[2020.11.11-09.12.18:381][  0]LogShaderCompilers: Guid format shader working directory is -21 characters bigger than the processId version (../../../../../../Users/arjun/Desktop/Studio3_Team1/Hell_Of_A_Game/Intermediate/Shaders/WorkingDirectory/26588/).
[2020.11.11-09.12.18:381][  0]LogShaderCompilers: Cleaned the shader compiler working directory 'C:/Users/arjun/AppData/Local/Temp/UnrealShaderWorkingDir/7B4FA4624CC4CF3FB33421B36EDCD368/'.
[2020.11.11-09.12.18:382][  0]LogXGEController: Cleaning working directory: C:/Users/arjun/AppData/Local/Temp/UnrealXGEWorkingDir/
[2020.11.11-09.12.18:382][  0]LogXGEController: Cannot use XGE Controller as Incredibuild is not installed on this machine.
[2020.11.11-09.12.18:382][  0]LogShaderCompilers: Cannot use XGE Shader Compiler as Incredibuild is not installed on this machine.
[2020.11.11-09.12.18:382][  0]LogShaderCompilers: Display: Using Local Shader Compiler.
[2020.11.11-09.12.21:956][  0]LogDerivedDataCache: Display: Max Cache Size: 512 MB
[2020.11.11-09.12.22:077][  0]LogDerivedDataCache: Loaded boot cache 0.12s 75MB C:/Users/arjun/AppData/Local/UnrealEngine/4.25/DerivedDataCache/Boot.ddc.
[2020.11.11-09.12.22:077][  0]LogDerivedDataCache: Display: Loaded Boot cache: C:/Users/arjun/AppData/Local/UnrealEngine/4.25/DerivedDataCache/Boot.ddc
[2020.11.11-09.12.22:077][  0]LogDerivedDataCache: FDerivedDataBackendGraph:  Pak pak cache file ../../../../../../Users/arjun/Desktop/Studio3_Team1/Hell_Of_A_Game/DerivedDataCache/DDC.ddp not found, will not use a pak cache.
[2020.11.11-09.12.22:077][  0]LogDerivedDataCache: Unable to find inner node Pak for hierarchical cache Hierarchy.
[2020.11.11-09.12.22:077][  0]LogDerivedDataCache: FDerivedDataBackendGraph:  CompressedPak pak cache file ../../../../../../Users/arjun/Desktop/Studio3_Team1/Hell_Of_A_Game/DerivedDataCache/Compressed.ddp not found, will not use a pak cache.
[2020.11.11-09.12.22:077][  0]LogDerivedDataCache: Unable to find inner node CompressedPak for hierarchical cache Hierarchy.
[2020.11.11-09.12.22:088][  0]LogDerivedDataCache: Display: Pak cache opened for reading ../../../Engine/DerivedDataCache/Compressed.ddp.
[2020.11.11-09.12.22:088][  0]LogDerivedDataCache: FDerivedDataBackendGraph:  EnterprisePak pak cache file ../../../Enterprise/DerivedDataCache/Compressed.ddp not found, will not use a pak cache.
[2020.11.11-09.12.22:088][  0]LogDerivedDataCache: Unable to find inner node EnterprisePak for hierarchical cache Hierarchy.
[2020.11.11-09.12.22:090][  0]LogDerivedDataCache: Using Local data cache path C:/Users/arjun/AppData/Local/UnrealEngine/Common/DerivedDataCache: Writable
[2020.11.11-09.12.22:090][  0]LogDerivedDataCache: Shared data cache path not found in *engine.ini, will not use an Shared cache.
[2020.11.11-09.12.22:090][  0]LogDerivedDataCache: Unable to find inner node Shared for hierarchical cache Hierarchy.
[2020.11.11-09.12.22:136][  0]LogSlate: Using FreeType 2.10.0
[2020.11.11-09.12.22:138][  0]LogSlate: SlateFontServices - WITH_FREETYPE: 1, WITH_HARFBUZZ: 1
[2020.11.11-09.12.22:179][  0]LogAssetRegistry: FAssetRegistry took 0.0025 seconds to start up
[2020.11.11-09.12.22:437][  0]LogInit: Selected Device Profile: [Windows]
[2020.11.11-09.12.22:585][  0]LogMeshReduction: Using QuadricMeshReduction for automatic static mesh reduction
[2020.11.11-09.12.22:585][  0]LogMeshReduction: Using SimplygonMeshReduction for automatic skeletal mesh reduction
[2020.11.11-09.12.22:585][  0]LogMeshReduction: Using ProxyLODMeshReduction for automatic mesh merging
[2020.11.11-09.12.22:585][  0]LogMeshReduction: No distributed automatic mesh merging module available
[2020.11.11-09.12.22:585][  0]LogMeshMerging: No distributed automatic mesh merging module available
[2020.11.11-09.12.22:604][  0]LogNetVersion: Hell_Of_A_Game 1.0.0, NetCL: 13144385, EngineNetVer: 14, GameNetVer: 0 (Checksum: 4095237125)
[2020.11.11-09.12.23:173][  0]LogAISub: UAISubsystem::UAISubsystem AISubsystem (000001EE33952AC0), frame # 0
[2020.11.11-09.12.23:173][  0]LogAISub: UAISubsystem::UAISubsystem AIPerceptionSystem (000001EE338EAAC0), frame # 0
[2020.11.11-09.12.23:175][  0]LogAISub: UAISubsystem::UAISubsystem EnvQueryManager (000001EE3395CA00), frame # 0
[2020.11.11-09.12.23:275][  0]LogPackageLocalizationCache: Processed 20 localized package path(s) for 1 prioritized culture(s) in 0.086572 seconds
[2020.11.11-09.12.23:280][  0]LogUObjectArray: 15756 objects as part of root set at end of initial load.
[2020.11.11-09.12.23:280][  0]LogUObjectAllocator: 3925280 out of 0 bytes used by permanent object pool.
[2020.11.11-09.12.23:280][  0]LogUObjectArray: CloseDisregardForGC: 0/0 objects in disregard for GC pool
[2020.11.11-09.12.23:681][  0]LogFMOD: FFMODStudioModule startup
[2020.11.11-09.12.23:681][  0]LogFMOD:  Lib path = '../../../Engine/Plugins/FMODStudio/Binaries'
[2020.11.11-09.12.23:681][  0]LogFMOD: FFMODStudioModule::LoadDll: Loading ../../../Engine/Plugins/FMODStudio/Binaries/Win64/fmodL.dll
[2020.11.11-09.12.23:690][  0]LogFMOD: FFMODStudioModule::LoadDll: Loading ../../../Engine/Plugins/FMODStudio/Binaries/Win64/fmodstudioL.dll
[2020.11.11-09.12.23:715][  0]LogFMOD: Default sample rate = 48000
[2020.11.11-09.12.23:715][  0]LogFMOD: System sample rate = 44100
[2020.11.11-09.12.23:715][  0]LogFMOD: Matching system sample rate 44100
[2020.11.11-09.12.24:078][  0]LogFMOD: Default sample rate = 48000
[2020.11.11-09.12.24:078][  0]LogFMOD: System sample rate = 44100
[2020.11.11-09.12.24:078][  0]LogFMOD: Matching system sample rate 44100
[2020.11.11-09.12.24:266][  0]LogTcpMessaging: Initializing TcpMessaging bridge
[2020.11.11-09.12.24:272][  0]LogUdpMessaging: Initializing bridge on interface 0.0.0.0:0 to multicast group 230.0.0.1:6666.
[2020.11.11-09.12.24:399][  0]SourceControl: Source control is disabled
[2020.11.11-09.12.24:399][  0]SourceControl: Source control is disabled
[2020.11.11-09.12.24:408][  0]SourceControl: Source control is disabled
[2020.11.11-09.12.24:412][  0]SourceControl: Source control is disabled
[2020.11.11-09.12.24:424][  0]SourceControl: Source control is disabled
[2020.11.11-09.12.24:683][  0]LogFMOD: FFMODStudioEditorModule startup
[2020.11.11-09.12.24:695][  0]LogTemp: Warning: You are using an old version of the Houdini plugin! Please visit https://github.com/sideeffects/HoudiniNiagara to get the newest version.
[2020.11.11-09.12.24:825][  0]LogAndroidPermission: UAndroidPermissionCallbackProxy::GetInstance
[2020.11.11-09.12.24:854][  0]LogAudioCaptureCore: Display: No Audio Capture implementations found. Audio input will be silent.
[2020.11.11-09.12.24:854][  0]LogAudioCaptureCore: Display: No Audio Capture implementations found. Audio input will be silent.
[2020.11.11-09.12.24:989][  0]LogEngine: Initializing Engine...
[2020.11.11-09.12.24:990][  0]LogMagicLeap: Warning: VR disabled because ZI is not enabled.  To enable, in the editor, Edit -> Project Settings -> Plugins -> Magic Leap Plugin -> Enable Zero Iteration
[2020.11.11-09.12.24:992][  0]LogStats: UGameplayTagsManager::InitializeManager -  0.001 s
[2020.11.11-09.12.25:140][  0]LogInit: Initializing FReadOnlyCVARCache
[2020.11.11-09.12.25:153][  0]LogAIModule: Creating AISystem for world Untitled
[2020.11.11-09.12.25:153][  0]LogAISub: UAISubsystem::UAISubsystem EnvQueryManager (000001EE39855A00), frame # 0
[2020.11.11-09.12.25:154][  0]LogAISub: UAISubsystem::UAISubsystem AIPerceptionSystem (000001EE3987E480), frame # 0
[2020.11.11-09.12.25:174][  0]LogAudioMixer: Display: Audio Mixer Platform Settings:
[2020.11.11-09.12.25:174][  0]LogAudioMixer: Display: 	Sample Rate:						  48000
[2020.11.11-09.12.25:174][  0]LogAudioMixer: Display: 	Callback Buffer Frame Size Requested: 1024
[2020.11.11-09.12.25:174][  0]LogAudioMixer: Display: 	Callback Buffer Frame Size To Use:	  1024
[2020.11.11-09.12.25:174][  0]LogAudioMixer: Display: 	Number of buffers to queue:			  2
[2020.11.11-09.12.25:174][  0]LogAudioMixer: Display: 	Max Channels (voices):				  32
[2020.11.11-09.12.25:174][  0]LogAudioMixer: Display: 	Number of Async Source Workers:		  0
[2020.11.11-09.12.25:174][  0]LogAudio: Display: AudioDevice MaxSources: 32
[2020.11.11-09.12.25:174][  0]LogAudio: Display: Using built-in audio occlusion.
[2020.11.11-09.12.25:174][  0]LogAudioMixer: Display: Initializing audio mixer.
[2020.11.11-09.12.25:190][  0]LogAudioMixer: Display: 0: FrontLeft
[2020.11.11-09.12.25:190][  0]LogAudioMixer: Display: 1: FrontRight
[2020.11.11-09.12.25:209][  0]LogAudioMixer: Display: Using Audio Device Headphones (Riff Wireless Stereo)
[2020.11.11-09.12.25:213][  0]LogAudioMixer: Display: Initializing Sound Submixes...
[2020.11.11-09.12.25:217][  0]LogAudioMixer: Display: Creating Master Submix 'MasterSubmixDefault'
[2020.11.11-09.12.25:217][  0]LogAudioMixer: Display: Creating Master Submix 'MasterReverbSubmixDefault'
[2020.11.11-09.12.25:220][  0]LogAudioMixer: Display: Creating Master Submix 'MasterEQSubmixDefault'
[2020.11.11-09.12.25:222][  0]LogInit: FAudioDevice initialized.
[2020.11.11-09.12.25:222][  0]LogNetVersion: Set ProjectVersion to 0.7. Version Checksum will be recalculated on next use.
[2020.11.11-09.12.25:277][  0]LogDerivedDataCache: Saved boot cache 0.06s 75MB C:/Users/arjun/AppData/Local/UnrealEngine/4.25/DerivedDataCache/Boot.ddc.
[2020.11.11-09.12.25:281][  0]LogInit: Texture streaming: Enabled
[2020.11.11-09.12.25:308][  0]LogEngineSessionManager: EngineSessionManager initialized
[2020.11.11-09.12.25:308][  0]LogEditorSessionSummary: Verbose: Initializing EditorSessionSummaryWriter for editor session tracking
[2020.11.11-09.12.25:315][  0]LogEditorSessionSummary: EditorSessionSummaryWriter initialized
[2020.11.11-09.12.25:393][  0]LogInit: Transaction tracking system initialized
[2020.11.11-09.12.25:432][  0]BlueprintLog: New page: Editor Load
[2020.11.11-09.12.25:551][  0]LocalizationService: Localization service is disabled
[2020.11.11-09.12.25:813][  0]LogCook: Display: Max memory allowance for cook 16384mb min free memory 0mb
[2020.11.11-09.12.25:814][  0]LogCook: Display: Mobile HDR setting 1
[2020.11.11-09.12.26:055][  0]LogFileCache: Scanning file cache for directory 'C:/Users/arjun/Desktop/Studio3_Team1/Hell_Of_A_Game/Content/' took 0.02s
[2020.11.11-09.12.26:055][  0]SourceControl: Source control is disabled
[2020.11.11-09.12.26:055][  0]LogUnrealEdMisc: Loading editor; pre map load, took 20.368
[2020.11.11-09.12.26:056][  0]Cmd: MAP LOAD FILE="../../../../../../Users/arjun/Desktop/Studio3_Team1/Hell_Of_A_Game/Content/Levels/MainMenu.umap" TEMPLATE=0 SHOWPROGRESS=1 FEATURELEVEL=3
[2020.11.11-09.12.26:056][  0]LightingResults: New page: Lighting Build
[2020.11.11-09.12.26:058][  0]LogWorld: UWorld::CleanupWorld for Untitled, bSessionEnded=true, bCleanupResources=true
[2020.11.11-09.12.26:058][  0]LogSlate: InvalidateAllWidgets triggered.  All widgets were invalidated
[2020.11.11-09.12.26:058][  0]MapCheck: New page: Map Check
[2020.11.11-09.12.26:058][  0]LightingResults: New page: Lighting Build
[2020.11.11-09.12.26:068][  0]LogAISub: UAISubsystem::~UAISubsystem EnvQueryManager (000001EE39855A00), frame # 0
[2020.11.11-09.12.26:068][  0]LogAISub: UAISubsystem::~UAISubsystem AIPerceptionSystem (000001EE3987E480), frame # 0
[2020.11.11-09.12.26:069][  0]LogUObjectHash: Compacting FUObjectHashTables data took   0.60ms
[2020.11.11-09.12.26:108][  0]LogAIModule: Creating AISystem for world MainMenu
[2020.11.11-09.12.26:108][  0]LogAISub: UAISubsystem::UAISubsystem EnvQueryManager (000001EE39FD6400), frame # 0
[2020.11.11-09.12.26:108][  0]LogAISub: UAISubsystem::UAISubsystem AIPerceptionSystem (000001EE39FFD1C0), frame # 0
[2020.11.11-09.12.26:108][  0]LogEditorServer: Finished looking for orphan Actors (0.000 secs)
[2020.11.11-09.12.26:118][  0]LogUObjectHash: Compacting FUObjectHashTables data took   0.76ms
[2020.11.11-09.12.26:119][  0]Cmd: MAP CHECKDEP NOCLEARLOG
[2020.11.11-09.12.26:119][  0]MapCheck: Map check complete: 0 Error(s), 0 Warning(s), took 0.43ms to complete.
[2020.11.11-09.12.26:119][  0]LogFileHelpers: Loading map 'MainMenu' took 0.064
[2020.11.11-09.12.26:121][  0]LogUnrealEdMisc: Total Editor Startup Time, took 20.434
[2020.11.11-09.12.26:591][  0]LogSlate: Updating window title bar state: overlay mode, drag disabled, window buttons hidden, title bar hidden
[2020.11.11-09.12.26:602][  0]LogSlate: Updating window title bar state: overlay mode, drag disabled, window buttons hidden, title bar hidden
[2020.11.11-09.12.26:606][  0]LogSlate: Updating window title bar state: overlay mode, drag disabled, window buttons hidden, title bar hidden
[2020.11.11-09.12.26:622][  0]LogSlate: Updating window title bar state: overlay mode, drag disabled, window buttons hidden, title bar hidden
[2020.11.11-09.12.26:635][  0]LogCollectionManager: Loaded 0 collections in 0.002291 seconds
[2020.11.11-09.12.26:655][  0]LogFileCache: Scanning file cache for directory 'C:/Users/arjun/Desktop/Studio3_Team1/Hell_Of_A_Game/Saved/Collections/' took 0.00s
[2020.11.11-09.12.26:655][  0]LogFileCache: Scanning file cache for directory 'C:/Users/arjun/Desktop/Studio3_Team1/Hell_Of_A_Game/Content/Developers/arjun/Collections/' took 0.00s
[2020.11.11-09.12.26:655][  0]LogFileCache: Scanning file cache for directory 'C:/Users/arjun/Desktop/Studio3_Team1/Hell_Of_A_Game/Content/Collections/' took 0.00s
[2020.11.11-09.12.26:655][  0]LogContentBrowser: Native class hierarchy populated in 0.0101 seconds. Added 3426 classes and 818 folders.
[2020.11.11-09.12.26:663][  0]LogContentBrowser: Native class hierarchy updated for 'WidgetCarousel' in 0.0004 seconds. Added 0 classes and 0 folders.
[2020.11.11-09.12.27:115][  0]LogContentBrowser: Native class hierarchy updated for 'AddContentDialog' in 0.0003 seconds. Added 0 classes and 0 folders.
[2020.11.11-09.12.27:117][  0]LogContentBrowser: Native class hierarchy updated for 'SceneOutliner' in 0.0004 seconds. Added 2 classes and 0 folders.
[2020.11.11-09.12.27:247][  0]LogSlate: Took 0.000805 seconds to synchronously load lazily loaded font '../../../Engine/Content/Slate/Fonts/Roboto-Regular.ttf' (155K)
[2020.11.11-09.12.27:250][  0]LogSlate: Took 0.000738 seconds to synchronously load lazily loaded font '../../../Engine/Content/Slate/Fonts/Roboto-Bold.ttf' (160K)
[2020.11.11-09.12.27:265][  0]LogSlate: Took 0.009074 seconds to synchronously load lazily loaded font '../../../Engine/Content/Editor/Slate/Fonts/FontAwesome.ttf' (139K)
[2020.11.11-09.12.27:443][  0]LogContentBrowser: Native class hierarchy updated for 'HierarchicalLODOutliner' in 0.0003 seconds. Added 0 classes and 0 folders.
[2020.11.11-09.12.27:443][  0]LogLoad: (Engine Initialization) Total time: 21.75 seconds
[2020.11.11-09.12.27:443][  0]LogLoad: (Engine Initialization) Total Blueprint compile time: 0.00 seconds
[2020.11.11-09.12.27:508][  0]LogAssetRegistry: Asset discovery search completed in 5.3297 seconds
[2020.11.11-09.12.27:512][  0]LogCollectionManager: Fixed up redirectors for 0 collections in 0.000003 seconds (updated 0 objects)
[2020.11.11-09.12.27:512][  0]LogContentStreaming: Texture pool size now 1000 MB
[2020.11.11-09.12.27:556][  0]LogSlate: Took 0.009387 seconds to synchronously load lazily loaded font '../../../Engine/Content/Slate/Fonts/Roboto-Light.ttf' (167K)
[2020.11.11-09.12.27:686][  0]LogRenderer: Reallocating scene render targets to support 964x344 Format 10 NumSamples 1 (Frame:1).
[2020.11.11-09.12.27:686][  0]LogSlate: Took 0.000187 seconds to synchronously load lazily loaded font '../../../Engine/Content/Slate/Fonts/Roboto-Light.ttf' (167K)
[2020.11.11-09.12.42:857][852]LogUObjectHash: Compacting FUObjectHashTables data took   0.52ms
[2020.11.11-09.12.42:861][852]LogPlayLevel: Launcher Device ID: WindowsNoEditor@LAPTOP-P1R6HT0B
[2020.11.11-09.12.42:869][852]LogPlayLevel: PlayLevel: No blueprints needed recompiling
[2020.11.11-09.12.42:870][852]LogCook: Display: Creating asset registry
[2020.11.11-09.12.42:930][852]LogCook: Display: Discovering localized assets for cultures: en
[2020.11.11-09.12.42:964][852]LogCook: Display: Inisetting is different for Windows Engine /Script/EngineSettings.GameMapsSettings EditorStartupMap 0, value /Game/Levels/MainMenu.MainMenu != /Game/ThirdPersonBP/Maps/ThirdPersonExampleMap invalidating cook
[2020.11.11-09.12.42:964][852]LogCook: Display: To avoid this add blacklist setting to DefaultEditor.ini [CookSettings] Windows.Engine:/Script/EngineSettings.GameMapsSettings
[2020.11.11-09.12.42:965][852]LogCook: Display: Clearing all cooked content for platform WindowsNoEditor
[2020.11.11-09.12.43:012][852]LogCook: Display: Sandbox cleanup took 0.080 seconds for platforms WindowsNoEditor 
[2020.11.11-09.12.46:657][852]LogShaderCompilers: Display: Worker (1/5): shaders left to compile 2715
[2020.11.11-09.12.46:657][852]LogShaderCompilers: Display: Worker (2/5): shaders left to compile 2714
[2020.11.11-09.12.46:657][852]LogShaderCompilers: Display: Worker (3/5): shaders left to compile 2713
[2020.11.11-09.12.46:657][852]LogShaderCompilers: Display: Worker (4/5): shaders left to compile 2712
[2020.11.11-09.12.47:214][852]LogShaderCompilers: Display: Worker (4/5): shaders left to compile 2711
[2020.11.11-09.12.47:214][852]LogShaderCompilers: Display: Worker (3/5): shaders left to compile 2710
[2020.11.11-09.12.47:214][852]LogShaderCompilers: Display: Worker (1/5): shaders left to compile 2709
[2020.11.11-09.12.47:214][852]LogShaderCompilers: Display: Worker (2/5): shaders left to compile 2708
[2020.11.11-09.12.47:214][852]LogShaderCompilers: Display: Worker (3/5): shaders left to compile 2707
[2020.11.11-09.12.47:214][852]LogShaderCompilers: Display: Worker (1/5): shaders left to compile 2706
[2020.11.11-09.12.47:214][852]LogShaderCompilers: Display: Worker (4/5): shaders left to compile 2705
[2020.11.11-09.12.47:214][852]LogShaderCompilers: Display: Worker (2/5): shaders left to compile 2704
[2020.11.11-09.12.47:214][852]LogShaderCompilers: Display: Worker (3/5): shaders left to compile 2703
[2020.11.11-09.12.47:214][852]LogShaderCompilers: Display: Worker (1/5): shaders left to compile 2702
[2020.11.11-09.12.47:769][852]LogShaderCompilers: Display: Worker (2/5): shaders left to compile 2701
[2020.11.11-09.12.47:769][852]LogShaderCompilers: Display: Worker (4/5): shaders left to compile 2700
[2020.11.11-09.12.47:769][852]LogShaderCompilers: Display: Worker (3/5): shaders left to compile 2699
[2020.11.11-09.12.47:769][852]LogShaderCompilers: Display: Worker (1/5): shaders left to compile 2698
[2020.11.11-09.12.47:769][852]LogShaderCompilers: Display: Worker (2/5): shaders left to compile 2697
[2020.11.11-09.12.47:769][852]LogShaderCompilers: Display: Worker (4/5): shaders left to compile 2696
[2020.11.11-09.12.47:769][852]LogShaderCompilers: Display: Worker (3/5): shaders left to compile 2695
[2020.11.11-09.12.47:769][852]LogShaderCompilers: Display: Worker (1/5): shaders left to compile 2694
[2020.11.11-09.12.47:769][852]LogShaderCompilers: Display: Worker (2/5): shaders left to compile 2693
[2020.11.11-09.12.47:769][852]LogShaderCompilers: Display: Worker (4/5): shaders left to compile 2692
[2020.11.11-09.12.47:769][852]LogShaderCompilers: Display: Worker (1/5): shaders left to compile 2691
[2020.11.11-09.12.47:769][852]LogShaderCompilers: Display: Worker (3/5): shaders left to compile 2690
[2020.11.11-09.12.48:322][852]LogShaderCompilers: Display: Worker (2/5): shaders left to compile 2689
[2020.11.11-09.12.48:322][852]LogShaderCompilers: Display: Worker (4/5): shaders left to compile 2688
[2020.11.11-09.12.48:322][852]LogShaderCompilers: Display: Worker (1/5): shaders left to compile 2687
[2020.11.11-09.12.48:322][852]LogShaderCompilers: Display: Worker (3/5): shaders left to compile 2686
[2020.11.11-09.12.48:322][852]LogShaderCompilers: Display: Worker (2/5): shaders left to compile 2685
[2020.11.11-09.12.48:322][852]LogShaderCompilers: Display: Worker (4/5): shaders left to compile 2684
[2020.11.11-09.12.48:322][852]LogShaderCompilers: Display: Worker (1/5): shaders left to compile 2683
[2020.11.11-09.12.48:322][852]LogShaderCompilers: Display: Worker (3/5): shaders left to compile 2682
[2020.11.11-09.12.48:322][852]LogShaderCompilers: Display: Worker (2/5): shaders left to compile 2681
[2020.11.11-09.12.48:322][852]LogShaderCompilers: Display: Worker (4/5): shaders left to compile 2680
[2020.11.11-09.12.48:322][852]LogShaderCompilers: Display: Worker (3/5): shaders left to compile 2679
[2020.11.11-09.12.48:322][852]LogShaderCompilers: Display: Worker (1/5): shaders left to compile 2678
[2020.11.11-09.12.48:322][852]LogShaderCompilers: Display: Worker (2/5): shaders left to compile 2677
[2020.11.11-09.12.48:878][852]LogShaderCompilers: Display: Worker (4/5): shaders left to compile 2676
[2020.11.11-09.12.48:878][852]LogShaderCompilers: Display: Worker (3/5): shaders left to compile 2675
[2020.11.11-09.12.48:878][852]LogShaderCompilers: Display: Worker (2/5): shaders left to compile 2674
[2020.11.11-09.12.48:878][852]LogShaderCompilers: Display: Worker (4/5): shaders left to compile 2673
[2020.11.11-09.12.48:878][852]LogShaderCompilers: Display: Worker (3/5): shaders left to compile 2672
[2020.11.11-09.12.48:878][852]LogShaderCompilers: Display: Worker (2/5): shaders left to compile 2671
[2020.11.11-09.12.48:878][852]LogShaderCompilers: Display: Worker (4/5): shaders left to compile 2670
[2020.11.11-09.12.48:878][852]LogShaderCompilers: Display: Worker (3/5): shaders left to compile 2669
[2020.11.11-09.12.48:878][852]LogShaderCompilers: Display: Worker (2/5): shaders left to compile 2668
[2020.11.11-09.12.48:878][852]LogShaderCompilers: Display: Worker (4/5): shaders left to compile 2667
[2020.11.11-09.12.48:878][852]LogShaderCompilers: Display: Worker (1/5): shaders left to compile 2666
[2020.11.11-09.12.48:878][852]LogShaderCompilers: Display: Worker (3/5): shaders left to compile 2665
[2020.11.11-09.12.48:878][852]LogShaderCompilers: Display: Worker (2/5): shaders left to compile 2664
[2020.11.11-09.12.48:878][852]LogShaderCompilers: Display: Worker (4/5): shaders left to compile 2663
[2020.11.11-09.12.49:436][852]LogShaderCompilers: Display: Worker (1/5): shaders left to compile 2662
[2020.11.11-09.12.49:436][852]LogShaderCompilers: Display: Worker (2/5): shaders left to compile 2661
[2020.11.11-09.12.49:436][852]LogShaderCompilers: Display: Worker (3/5): shaders left to compile 2660
[2020.11.11-09.12.49:436][852]LogShaderCompilers: Display: Worker (4/5): shaders left to compile 2659
[2020.11.11-09.12.49:436][852]LogShaderCompilers: Display: Worker (2/5): shaders left to compile 2658
[2020.11.11-09.12.49:436][852]LogShaderCompilers: Display: Worker (1/5): shaders left to compile 2657
[2020.11.11-09.12.49:436][852]LogShaderCompilers: Display: Worker (3/5): shaders left to compile 2656
[2020.11.11-09.12.49:436][852]LogShaderCompilers: Display: Worker (4/5): shaders left to compile 2655
[2020.11.11-09.12.49:436][852]LogShaderCompilers: Display: Worker (3/5): shaders left to compile 2654
[2020.11.11-09.12.49:436][852]LogShaderCompilers: Display: Worker (4/5): shaders left to compile 2653
[2020.11.11-09.12.49:436][852]LogShaderCompilers: Display: Worker (1/5): shaders left to compile 2652
[2020.11.11-09.12.49:436][852]LogShaderCompilers: Display: Worker (2/5): shaders left to compile 2651
[2020.11.11-09.12.49:436][852]LogShaderCompilers: Display: Worker (3/5): shaders left to compile 2650
[2020.11.11-09.12.49:436][852]LogShaderCompilers: Display: Worker (1/5): shaders left to compile 2649
[2020.11.11-09.12.49:436][852]LogShaderCompilers: Display: Worker (4/5): shaders left to compile 2648
[2020.11.11-09.12.49:436][852]LogShaderCompilers: Display: Worker (2/5): shaders left to compile 2647
[2020.11.11-09.12.49:992][852]LogShaderCompilers: Display: Worker (3/5): shaders left to compile 2646
[2020.11.11-09.12.49:992][852]LogShaderCompilers: Display: Worker (4/5): shaders left to compile 2645
[2020.11.11-09.12.49:992][852]LogShaderCompilers: Display: Worker (1/5): shaders left to compile 2644
[2020.11.11-09.12.49:992][852]LogShaderCompilers: Display: Worker (2/5): shaders left to compile 2643
[2020.11.11-09.12.49:992][852]LogShaderCompilers: Display: Worker (3/5): shaders left to compile 2642
[2020.11.11-09.12.49:992][852]LogShaderCompilers: Display: Worker (4/5): shaders left to compile 2641
[2020.11.11-09.12.49:992][852]LogShaderCompilers: Display: Worker (1/5): shaders left to compile 2640
[2020.11.11-09.12.49:992][852]LogShaderCompilers: Display: Worker (2/5): shaders left to compile 2639
[2020.11.11-09.12.49:992][852]LogShaderCompilers: Display: Worker (3/5): shaders left to compile 2638
[2020.11.11-09.12.49:992][852]LogShaderCompilers: Display: Worker (2/5): shaders left to compile 2637
[2020.11.11-09.12.49:992][852]LogShaderCompilers: Display: Worker (4/5): shaders left to compile 2636
[2020.11.11-09.12.49:992][852]LogShaderCompilers: Display: Worker (3/5): shaders left to compile 2635
[2020.11.11-09.12.49:992][852]LogShaderCompilers: Display: Worker (1/5): shaders left to compile 2634
[2020.11.11-09.12.49:992][852]LogShaderCompilers: Display: Worker (2/5): shaders left to compile 2633
[2020.11.11-09.12.49:992][852]LogShaderCompilers: Display: Worker (4/5): shaders left to compile 2632
[2020.11.11-09.12.49:992][852]LogShaderCompilers: Display: Worker (3/5): shaders left to compile 2631
[2020.11.11-09.12.49:992][852]LogShaderCompilers: Display: Worker (1/5): shaders left to compile 2630
[2020.11.11-09.12.49:992][852]LogShaderCompilers: Display: Worker (2/5): shaders left to compile 2629
[2020.11.11-09.12.49:992][852]LogShaderCompilers: Display: Worker (3/5): shaders left to compile 2628
[2020.11.11-09.12.49:992][852]LogShaderCompilers: Display: Worker (1/5): shaders left to compile 2627
[2020.11.11-09.12.50:546][852]LogShaderCompilers: Display: Worker (2/5): shaders left to compile 2626
[2020.11.11-09.12.50:546][852]LogShaderCompilers: Display: Worker (3/5): shaders left to compile 2625
[2020.11.11-09.12.50:546][852]LogShaderCompilers: Display: Worker (1/5): shaders left to compile 2624
[2020.11.11-09.12.50:546][852]LogShaderCompilers: Display: Worker (4/5): shaders left to compile 2623
[2020.11.11-09.12.50:546][852]LogShaderCompilers: Display: Worker (2/5): shaders left to compile 2622
[2020.11.11-09.12.50:546][852]LogShaderCompilers: Display: Worker (2/5): shaders left to compile 2621
[2020.11.11-09.12.50:546][852]LogShaderCompilers: Display: Worker (4/5): shaders left to compile 2620
[2020.11.11-09.12.50:546][852]LogShaderCompilers: Display: Worker (2/5): shaders left to compile 2619
[2020.11.11-09.12.50:546][852]LogShaderCompilers: Display: Worker (1/5): shaders left to compile 2618
[2020.11.11-09.12.51:103][852]LogShaderCompilers: Display: Worker (4/5): shaders left to compile 2617
[2020.11.11-09.12.51:103][852]LogShaderCompilers: Display: Worker (2/5): shaders left to compile 2616
[2020.11.11-09.12.51:103][852]LogShaderCompilers: Display: Worker (3/5): shaders left to compile 2615
[2020.11.11-09.12.51:103][852]LogShaderCompilers: Display: Worker (3/5): shaders left to compile 2614
[2020.11.11-09.12.51:103][852]LogShaderCompilers: Display: Worker (3/5): shaders left to compile 2613
[2020.11.11-09.12.51:103][852]LogShaderCompilers: Display: Worker (3/5): shaders left to compile 2612
[2020.11.11-09.12.51:661][852]LogShaderCompilers: Display: Worker (3/5): shaders left to compile 2611
[2020.11.11-09.12.51:661][852]LogShaderCompilers: Display: Worker (3/5): shaders left to compile 2610
[2020.11.11-09.12.52:217][852]LogShaderCompilers: Display: Worker (3/5): shaders left to compile 2609
[2020.11.11-09.12.52:217][852]LogShaderCompilers: Display: Worker (3/5): shaders left to compile 2608
[2020.11.11-09.12.52:217][852]LogShaderCompilers: Display: Worker (2/5): shaders left to compile 2607
[2020.11.11-09.12.52:217][852]LogShaderCompilers: Display: Worker (3/5): shaders left to compile 2606
[2020.11.11-09.12.52:217][852]LogShaderCompilers: Display: Worker (2/5): shaders left to compile 2605
[2020.11.11-09.12.52:217][852]LogShaderCompilers: Display: Worker (3/5): shaders left to compile 2604
[2020.11.11-09.12.52:773][852]LogShaderCompilers: Display: Worker (2/5): shaders left to compile 2603
[2020.11.11-09.12.52:773][852]LogShaderCompilers: Display: Worker (3/5): shaders left to compile 2602
[2020.11.11-09.12.52:773][852]LogShaderCompilers: Display: Worker (2/5): shaders left to compile 2601
[2020.11.11-09.12.52:773][852]LogShaderCompilers: Display: Worker (3/5): shaders left to compile 2600
[2020.11.11-09.12.52:773][852]LogShaderCompilers: Display: Worker (4/5): shaders left to compile 2599
[2020.11.11-09.12.52:773][852]LogShaderCompilers: Display: Worker (4/5): shaders left to compile 2598
[2020.11.11-09.12.52:773][852]LogShaderCompilers: Display: Worker (2/5): shaders left to compile 2597
[2020.11.11-09.12.53:330][852]LogShaderCompilers: Display: Worker (3/5): shaders left to compile 2596
[2020.11.11-09.12.53:330][852]LogShaderCompilers: Display: Worker (2/5): shaders left to compile 2595
[2020.11.11-09.12.53:330][852]LogShaderCompilers: Display: Worker (4/5): shaders left to compile 2594
[2020.11.11-09.12.53:330][852]LogShaderCompilers: Display: Worker (2/5): shaders left to compile 2593
[2020.11.11-09.12.53:330][852]LogShaderCompilers: Display: Worker (3/5): shaders left to compile 2592
[2020.11.11-09.12.53:330][852]LogShaderCompilers: Display: Worker (4/5): shaders left to compile 2591
[2020.11.11-09.12.53:889][852]LogShaderCompilers: Display: Worker (2/5): shaders left to compile 2590
[2020.11.11-09.12.53:889][852]LogShaderCompilers: Display: Worker (4/5): shaders left to compile 2589
[2020.11.11-09.12.53:889][852]LogShaderCompilers: Display: Worker (3/5): shaders left to compile 2588
[2020.11.11-09.12.53:889][852]LogShaderCompilers: Display: Worker (2/5): shaders left to compile 2587
[2020.11.11-09.12.53:889][852]LogShaderCompilers: Display: Worker (3/5): shaders left to compile 2586
[2020.11.11-09.12.53:889][852]LogShaderCompilers: Display: Worker (4/5): shaders left to compile 2585
[2020.11.11-09.12.53:889][852]LogShaderCompilers: Display: Worker (2/5): shaders left to compile 2584
[2020.11.11-09.12.53:889][852]LogShaderCompilers: Display: Worker (3/5): shaders left to compile 2583
[2020.11.11-09.12.54:445][852]LogShaderCompilers: Display: Worker (4/5): shaders left to compile 2582
[2020.11.11-09.12.54:445][852]LogShaderCompilers: Display: Worker (2/5): shaders left to compile 2581
[2020.11.11-09.12.54:445][852]LogShaderCompilers: Display: Worker (3/5): shaders left to compile 2580
[2020.11.11-09.12.54:445][852]LogShaderCompilers: Display: Worker (4/5): shaders left to compile 2579
[2020.11.11-09.12.54:445][852]LogShaderCompilers: Display: Worker (2/5): shaders left to compile 2578
[2020.11.11-09.12.54:445][852]LogShaderCompilers: Display: Worker (3/5): shaders left to compile 2577
[2020.11.11-09.12.54:445][852]LogShaderCompilers: Display: Worker (4/5): shaders left to compile 2576
[2020.11.11-09.12.54:445][852]LogShaderCompilers: Display: Worker (2/5): shaders left to compile 2575
[2020.11.11-09.12.54:445][852]LogShaderCompilers: Display: Worker (3/5): shaders left to compile 2574
[2020.11.11-09.12.54:445][852]LogShaderCompilers: Display: Worker (4/5): shaders left to compile 2573
[2020.11.11-09.12.54:445][852]LogShaderCompilers: Display: Worker (2/5): shaders left to compile 2572
[2020.11.11-09.12.54:445][852]LogShaderCompilers: Display: Worker (3/5): shaders left to compile 2571
[2020.11.11-09.12.55:002][852]LogShaderCompilers: Display: Worker (4/5): shaders left to compile 2570
[2020.11.11-09.12.55:002][852]LogShaderCompilers: Display: Worker (3/5): shaders left to compile 2569
[2020.11.11-09.12.55:002][852]LogShaderCompilers: Display: Worker (2/5): shaders left to compile 2568
[2020.11.11-09.12.55:002][852]LogShaderCompilers: Display: Worker (4/5): shaders left to compile 2567
[2020.11.11-09.12.55:002][852]LogShaderCompilers: Display: Worker (3/5): shaders left to compile 2566
[2020.11.11-09.12.55:002][852]LogShaderCompilers: Display: Worker (2/5): shaders left to compile 2565
[2020.11.11-09.12.55:002][852]LogShaderCompilers: Display: Worker (4/5): shaders left to compile 2564
[2020.11.11-09.12.55:002][852]LogShaderCompilers: Display: Worker (3/5): shaders left to compile 2563
[2020.11.11-09.12.55:002][852]LogShaderCompilers: Display: Worker (2/5): shaders left to compile 2562
[2020.11.11-09.12.55:002][852]LogShaderCompilers: Display: Worker (4/5): shaders left to compile 2561
[2020.11.11-09.12.55:560][852]LogShaderCompilers: Display: Worker (3/5): shaders left to compile 2560
[2020.11.11-09.12.55:560][852]LogShaderCompilers: Display: Worker (2/5): shaders left to compile 2559
[2020.11.11-09.12.55:560][852]LogShaderCompilers: Display: Worker (4/5): shaders left to compile 2558
[2020.11.11-09.12.55:560][852]LogShaderCompilers: Display: Worker (3/5): shaders left to compile 2557
[2020.11.11-09.12.55:560][852]LogShaderCompilers: Display: Worker (2/5): shaders left to compile 2556
[2020.11.11-09.12.55:560][852]LogShaderCompilers: Display: Worker (4/5): shaders left to compile 2555
[2020.11.11-09.12.56:671][852]LogShaderCompilers: Display: Worker (4/5): shaders left to compile 2554
[2020.11.11-09.12.56:671][852]LogShaderCompilers: Display: Worker (4/5): shaders left to compile 2553
[2020.11.11-09.12.56:671][852]LogShaderCompilers: Display: Worker (2/5): shaders left to compile 2552
[2020.11.11-09.12.56:671][852]LogShaderCompilers: Display: Worker (3/5): shaders left to compile 2551
[2020.11.11-09.12.57:229][852]LogShaderCompilers: Display: Worker (4/5): shaders left to compile 2550
[2020.11.11-09.12.57:788][852]LogShaderCompilers: Display: Worker (2/5): shaders left to compile 2549
[2020.11.11-09.12.58:345][852]LogShaderCompilers: Display: Worker (3/5): shaders left to compile 2548
[2020.11.11-09.12.58:345][852]LogShaderCompilers: Display: Worker (4/5): shaders left to compile 2547
[2020.11.11-09.12.59:451][852]LogShaderCompilers: Display: Worker (2/5): shaders left to compile 2546
[2020.11.11-09.12.59:451][852]LogShaderCompilers: Display: Worker (3/5): shaders left to compile 2545
[2020.11.11-09.12.59:451][852]LogShaderCompilers: Display: Worker (4/5): shaders left to compile 2544
[2020.11.11-09.13.00:567][852]LogShaderCompilers: Display: Worker (2/5): shaders left to compile 2543
[2020.11.11-09.13.00:567][852]LogShaderCompilers: Display: Worker (3/5): shaders left to compile 2542
[2020.11.11-09.13.01:121][852]LogShaderCompilers: Display: Worker (4/5): shaders left to compile 2541
[2020.11.11-09.13.01:677][852]LogShaderCompilers: Display: Worker (1/5): shaders left to compile 2540
[2020.11.11-09.13.01:677][852]LogShaderCompilers: Display: Worker (2/5): shaders left to compile 2539
[2020.11.11-09.13.01:677][852]LogShaderCompilers: Display: Worker (3/5): shaders left to compile 2538
[2020.11.11-09.13.01:677][852]LogShaderCompilers: Display: Worker (4/5): shaders left to compile 2537
[2020.11.11-09.13.02:230][852]LogShaderCompilers: Display: Worker (1/5): shaders left to compile 2536
[2020.11.11-09.13.02:787][852]LogShaderCompilers: Display: Worker (2/5): shaders left to compile 2535
[2020.11.11-09.13.02:787][852]LogShaderCompilers: Display: Worker (3/5): shaders left to compile 2534
[2020.11.11-09.13.02:787][852]LogShaderCompilers: Display: Worker (4/5): shaders left to compile 2533
[2020.11.11-09.13.03:340][852]LogShaderCompilers: Display: Worker (1/5): shaders left to compile 2532
[2020.11.11-09.13.03:897][852]LogShaderCompilers: Display: Worker (2/5): shaders left to compile 2531
[2020.11.11-09.13.04:454][852]LogShaderCompilers: Display: Worker (3/5): shaders left to compile 2530
[2020.11.11-09.13.05:012][852]LogShaderCompilers: Display: Worker (4/5): shaders left to compile 2529
[2020.11.11-09.13.06:120][852]LogShaderCompilers: Display: Worker (1/5): shaders left to compile 2528
[2020.11.11-09.13.07:223][852]LogShaderCompilers: Display: Worker (2/5): shaders left to compile 2527
[2020.11.11-09.13.07:776][852]LogShaderCompilers: Display: Worker (3/5): shaders left to compile 2526
[2020.11.11-09.13.08:881][852]LogShaderCompilers: Display: Worker (4/5): shaders left to compile 2525
[2020.11.11-09.13.09:993][852]LogShaderCompilers: Display: Worker (1/5): shaders left to compile 2524
[2020.11.11-09.13.11:107][852]LogShaderCompilers: Display: Worker (2/5): shaders left to compile 2523
[2020.11.11-09.13.12:770][852]LogShaderCompilers: Display: Worker (3/5): shaders left to compile 2522
[2020.11.11-09.13.13:878][852]LogShaderCompilers: Display: Worker (4/5): shaders left to compile 2521
[2020.11.11-09.13.16:096][852]LogShaderCompilers: Display: Worker (1/5): shaders left to compile 2520
[2020.11.11-09.13.17:202][852]LogShaderCompilers: Display: Worker (1/5): shaders left to compile 2519
[2020.11.11-09.13.17:757][852]LogShaderCompilers: Display: Worker (1/5): shaders left to compile 2518
[2020.11.11-09.13.18:311][852]LogShaderCompilers: Display: Worker (2/5): shaders left to compile 2517
[2020.11.11-09.13.18:868][852]LogShaderCompilers: Display: Worker (1/5): shaders left to compile 2516
[2020.11.11-09.13.18:868][852]LogShaderCompilers: Display: Worker (2/5): shaders left to compile 2515
[2020.11.11-09.13.19:975][852]LogShaderCompilers: Display: Worker (1/5): shaders left to compile 2514
[2020.11.11-09.13.19:975][852]LogShaderCompilers: Display: Worker (2/5): shaders left to compile 2513
[2020.11.11-09.13.19:975][852]LogShaderCompilers: Display: Worker (3/5): shaders left to compile 2512
[2020.11.11-09.13.20:533][852]LogShaderCompilers: Display: Worker (1/5): shaders left to compile 2511
[2020.11.11-09.13.21:088][852]LogShaderCompilers: Display: Worker (2/5): shaders left to compile 2510
[2020.11.11-09.13.21:088][852]LogShaderCompilers: Display: Worker (3/5): shaders left to compile 2509
[2020.11.11-09.13.21:643][852]LogShaderCompilers: Display: Worker (1/5): shaders left to compile 2508
[2020.11.11-09.13.22:197][852]LogShaderCompilers: Display: Worker (2/5): shaders left to compile 2507
[2020.11.11-09.13.22:197][852]LogShaderCompilers: Display: Worker (3/5): shaders left to compile 2506
[2020.11.11-09.13.22:197][852]LogShaderCompilers: Display: Worker (4/5): shaders left to compile 2505
[2020.11.11-09.13.22:751][852]LogShaderCompilers: Display: Worker (1/5): shaders left to compile 2504
[2020.11.11-09.13.23:305][852]LogShaderCompilers: Display: Worker (2/5): shaders left to compile 2503
[2020.11.11-09.13.23:305][852]LogShaderCompilers: Display: Worker (3/5): shaders left to compile 2502
[2020.11.11-09.13.23:305][852]LogShaderCompilers: Display: Worker (4/5): shaders left to compile 2501
[2020.11.11-09.13.23:856][852]LogShaderCompilers: Display: Worker (1/5): shaders left to compile 2500
[2020.11.11-09.13.24:968][852]LogShaderCompilers: Display: Worker (2/5): shaders left to compile 2499
[2020.11.11-09.13.26:079][852]LogShaderCompilers: Display: Worker (3/5): shaders left to compile 2498
[2020.11.11-09.13.27:179][852]LogShaderCompilers: Display: Worker (4/5): shaders left to compile 2497
[2020.11.11-09.13.28:286][852]LogShaderCompilers: Display: Worker (1/5): shaders left to compile 2496
[2020.11.11-09.13.29:949][852]LogShaderCompilers: Display: Worker (2/5): shaders left to compile 2495
[2020.11.11-09.13.32:747][852]LogShaderCompilers: Display: Worker (3/5): shaders left to compile 2494
[2020.11.11-09.13.34:972][852]LogShaderCompilers: Display: Worker (4/5): shaders left to compile 2493
[2020.11.11-09.13.38:332][852]LogShaderCompilers: Display: Worker (1/5): shaders left to compile 2492
